mode: set
github.com/cloudwego/hertz/internal/bytesconv/bytesconv.go:61.31,62.30 1 1
github.com/cloudwego/hertz/internal/bytesconv/bytesconv.go:62.30,65.3 2 1
github.com/cloudwego/hertz/internal/bytesconv/bytesconv.go:73.27,76.2 1 1
github.com/cloudwego/hertz/internal/bytesconv/bytesconv.go:82.31,91.2 6 1
github.com/cloudwego/hertz/internal/bytesconv/bytesconv.go:93.49,94.11 1 1
github.com/cloudwego/hertz/internal/bytesconv/bytesconv.go:98.2,99.14 2 1
github.com/cloudwego/hertz/internal/bytesconv/bytesconv.go:102.2,104.6 3 1
github.com/cloudwego/hertz/internal/bytesconv/bytesconv.go:112.2,115.12 4 1
github.com/cloudwego/hertz/internal/bytesconv/bytesconv.go:94.11,95.37 1 0
github.com/cloudwego/hertz/internal/bytesconv/bytesconv.go:99.14,101.3 1 1
github.com/cloudwego/hertz/internal/bytesconv/bytesconv.go:104.6,107.13 3 1
github.com/cloudwego/hertz/internal/bytesconv/bytesconv.go:110.3,110.6 1 1
github.com/cloudwego/hertz/internal/bytesconv/bytesconv.go:107.13,108.9 1 1
github.com/cloudwego/hertz/internal/bytesconv/bytesconv.go:118.48,122.6 4 1
github.com/cloudwego/hertz/internal/bytesconv/bytesconv.go:122.6,124.17 2 1
github.com/cloudwego/hertz/internal/bytesconv/bytesconv.go:133.3,135.14 3 1
github.com/cloudwego/hertz/internal/bytesconv/bytesconv.go:142.3,142.26 1 1
github.com/cloudwego/hertz/internal/bytesconv/bytesconv.go:147.3,149.6 3 1
github.com/cloudwego/hertz/internal/bytesconv/bytesconv.go:124.17,127.13 2 1
github.com/cloudwego/hertz/internal/bytesconv/bytesconv.go:130.4,130.18 1 0
github.com/cloudwego/hertz/internal/bytesconv/bytesconv.go:127.13,129.5 1 1
github.com/cloudwego/hertz/internal/bytesconv/bytesconv.go:135.14,136.14 1 1
github.com/cloudwego/hertz/internal/bytesconv/bytesconv.go:140.4,140.17 1 1
github.com/cloudwego/hertz/internal/bytesconv/bytesconv.go:136.14,139.5 2 0
github.com/cloudwego/hertz/internal/bytesconv/bytesconv.go:142.26,145.4 2 0
github.com/cloudwego/hertz/internal/bytesconv/bytesconv.go:153.47,155.12 2 1
github.com/cloudwego/hertz/internal/bytesconv/bytesconv.go:158.2,159.25 2 1
github.com/cloudwego/hertz/internal/bytesconv/bytesconv.go:175.2,175.18 1 1
github.com/cloudwego/hertz/internal/bytesconv/bytesconv.go:155.12,157.3 1 1
github.com/cloudwego/hertz/internal/bytesconv/bytesconv.go:159.25,162.12 3 1
github.com/cloudwego/hertz/internal/bytesconv/bytesconv.go:168.3,170.15 2 1
github.com/cloudwego/hertz/internal/bytesconv/bytesconv.go:173.3,173.11 1 1
github.com/cloudwego/hertz/internal/bytesconv/bytesconv.go:162.12,163.14 1 1
github.com/cloudwego/hertz/internal/bytesconv/bytesconv.go:166.4,166.20 1 1
github.com/cloudwego/hertz/internal/bytesconv/bytesconv.go:163.14,165.5 1 1
github.com/cloudwego/hertz/internal/bytesconv/bytesconv.go:170.15,172.4 1 1
github.com/cloudwego/hertz/internal/bytesconv/bytesconv.go:179.43,180.11 1 1
github.com/cloudwego/hertz/internal/bytesconv/bytesconv.go:184.2,188.14 5 1
github.com/cloudwego/hertz/internal/bytesconv/bytesconv.go:194.2,198.12 4 1
github.com/cloudwego/hertz/internal/bytesconv/bytesconv.go:180.11,181.37 1 0
github.com/cloudwego/hertz/internal/bytesconv/bytesconv.go:188.14,193.3 4 1
github.com/cloudwego/hertz/internal/bytesconv/bytesconv.go:203.56,205.2 1 1
github.com/cloudwego/hertz/internal/bytesconv/bytesconv.go:207.47,209.36 1 1
github.com/cloudwego/hertz/internal/bytesconv/bytesconv.go:213.2,213.24 1 1
github.com/cloudwego/hertz/internal/bytesconv/bytesconv.go:220.2,220.12 1 1
github.com/cloudwego/hertz/internal/bytesconv/bytesconv.go:209.36,211.3 1 1
github.com/cloudwego/hertz/internal/bytesconv/bytesconv.go:213.24,214.47 1 1
github.com/cloudwego/hertz/internal/bytesconv/bytesconv.go:214.47,216.4 1 1
github.com/cloudwego/hertz/internal/bytesconv/bytesconv.go:216.9,218.4 1 1
github.com/cloudwego/hertz/internal/bytesconv/bytesconv.go:224.46,225.24 1 1
github.com/cloudwego/hertz/internal/bytesconv/bytesconv.go:235.2,235.12 1 1
github.com/cloudwego/hertz/internal/bytesconv/bytesconv.go:225.24,226.10 1 1
github.com/cloudwego/hertz/internal/bytesconv/bytesconv.go:227.17,228.26 1 1
github.com/cloudwego/hertz/internal/bytesconv/bytesconv.go:229.48,230.59 1 1
github.com/cloudwego/hertz/internal/bytesconv/bytesconv.go:231.11,232.24 1 1
github.com/cloudwego/hertz/internal/bytesconv/bytesconv.go:239.52,241.2 1 1
github.com/cloudwego/hertz/internal/bytesconv/bytesconv.go:244.41,246.19 2 1
github.com/cloudwego/hertz/internal/bytesconv/bytesconv.go:249.2,249.15 1 1
github.com/cloudwego/hertz/internal/bytesconv/bytesconv.go:246.19,248.3 1 1
github.com/cloudwego/hertz/internal/stats/stats_util.go:25.67,26.15 1 1
github.com/cloudwego/hertz/internal/stats/stats_util.go:29.2,29.16 1 1
github.com/cloudwego/hertz/internal/stats/stats_util.go:26.15,28.3 1 1
github.com/cloudwego/hertz/internal/stats/stats_util.go:29.16,31.3 1 1
github.com/cloudwego/hertz/internal/stats/stats_util.go:31.8,33.3 1 1
github.com/cloudwego/hertz/internal/stats/stats_util.go:37.57,38.64 1 1
github.com/cloudwego/hertz/internal/stats/stats_util.go:41.2,41.60 1 1
github.com/cloudwego/hertz/internal/stats/stats_util.go:38.64,40.3 1 1
github.com/cloudwego/hertz/internal/stats/tracer.go:35.50,37.2 1 1
github.com/cloudwego/hertz/internal/stats/tracer.go:40.92,44.34 3 1
github.com/cloudwego/hertz/internal/stats/tracer.go:47.2,47.12 1 1
github.com/cloudwego/hertz/internal/stats/tracer.go:44.34,46.3 1 1
github.com/cloudwego/hertz/internal/stats/tracer.go:51.88,54.16 3 1
github.com/cloudwego/hertz/internal/stats/tracer.go:59.2,59.45 1 1
github.com/cloudwego/hertz/internal/stats/tracer.go:54.16,56.3 1 1
github.com/cloudwego/hertz/internal/stats/tracer.go:59.45,61.3 1 1
github.com/cloudwego/hertz/internal/stats/tracer.go:64.41,66.2 1 0
github.com/cloudwego/hertz/internal/stats/tracer.go:68.37,69.34 1 1
github.com/cloudwego/hertz/internal/stats/tracer.go:69.34,71.3 1 1
github.com/cloudwego/hertz/pkg/app/fs.go:188.43,196.2 7 1
github.com/cloudwego/hertz/pkg/app/fs.go:198.73,202.2 3 1
github.com/cloudwego/hertz/pkg/app/fs.go:204.57,206.18 2 1
github.com/cloudwego/hertz/pkg/app/fs.go:209.2,209.22 1 1
github.com/cloudwego/hertz/pkg/app/fs.go:213.2,214.17 2 1
github.com/cloudwego/hertz/pkg/app/fs.go:220.2,222.15 3 1
github.com/cloudwego/hertz/pkg/app/fs.go:206.18,208.3 1 1
github.com/cloudwego/hertz/pkg/app/fs.go:209.22,211.3 1 1
github.com/cloudwego/hertz/pkg/app/fs.go:214.17,218.3 3 1
github.com/cloudwego/hertz/pkg/app/fs.go:225.65,230.17 4 1
github.com/cloudwego/hertz/pkg/app/fs.go:235.2,235.37 1 1
github.com/cloudwego/hertz/pkg/app/fs.go:239.2,242.17 4 1
github.com/cloudwego/hertz/pkg/app/fs.go:260.2,262.19 2 1
github.com/cloudwego/hertz/pkg/app/fs.go:265.2,265.40 1 1
github.com/cloudwego/hertz/pkg/app/fs.go:230.17,233.3 2 1
github.com/cloudwego/hertz/pkg/app/fs.go:235.37,237.3 1 0
github.com/cloudwego/hertz/pkg/app/fs.go:242.17,244.19 2 1
github.com/cloudwego/hertz/pkg/app/fs.go:247.3,247.25 1 1
github.com/cloudwego/hertz/pkg/app/fs.go:250.3,253.29 4 1
github.com/cloudwego/hertz/pkg/app/fs.go:256.3,256.17 1 1
github.com/cloudwego/hertz/pkg/app/fs.go:244.19,245.9 1 1
github.com/cloudwego/hertz/pkg/app/fs.go:247.25,249.4 1 1
github.com/cloudwego/hertz/pkg/app/fs.go:253.29,254.63 1 0
github.com/cloudwego/hertz/pkg/app/fs.go:256.17,258.4 1 1
github.com/cloudwego/hertz/pkg/app/fs.go:262.19,264.3 1 0
github.com/cloudwego/hertz/pkg/app/fs.go:279.50,280.23 1 1
github.com/cloudwego/hertz/pkg/app/fs.go:283.2,283.38 1 1
github.com/cloudwego/hertz/pkg/app/fs.go:292.2,293.42 2 1
github.com/cloudwego/hertz/pkg/app/fs.go:280.23,282.3 1 1
github.com/cloudwego/hertz/pkg/app/fs.go:283.38,286.49 2 1
github.com/cloudwego/hertz/pkg/app/fs.go:286.49,290.4 3 0
github.com/cloudwego/hertz/pkg/app/fs.go:305.47,308.2 2 1
github.com/cloudwego/hertz/pkg/app/fs.go:310.36,314.20 2 1
github.com/cloudwego/hertz/pkg/app/fs.go:319.2,319.48 1 1
github.com/cloudwego/hertz/pkg/app/fs.go:323.2,324.24 2 1
github.com/cloudwego/hertz/pkg/app/fs.go:327.2,328.36 2 1
github.com/cloudwego/hertz/pkg/app/fs.go:332.2,346.12 2 1
github.com/cloudwego/hertz/pkg/app/fs.go:354.2,354.24 1 1
github.com/cloudwego/hertz/pkg/app/fs.go:314.20,316.3 1 0
github.com/cloudwego/hertz/pkg/app/fs.go:319.48,321.3 1 1
github.com/cloudwego/hertz/pkg/app/fs.go:324.24,326.3 1 1
github.com/cloudwego/hertz/pkg/app/fs.go:328.36,330.3 1 1
github.com/cloudwego/hertz/pkg/app/fs.go:346.12,348.7 2 1
github.com/cloudwego/hertz/pkg/app/fs.go:348.7,351.4 2 1
github.com/cloudwego/hertz/pkg/app/fs.go:384.69,385.56 1 1
github.com/cloudwego/hertz/pkg/app/fs.go:388.2,391.12 4 1
github.com/cloudwego/hertz/pkg/app/fs.go:385.56,387.3 1 0
github.com/cloudwego/hertz/pkg/app/fs.go:394.53,396.2 1 1
github.com/cloudwego/hertz/pkg/app/fs.go:398.61,399.37 1 0
github.com/cloudwego/hertz/pkg/app/fs.go:403.2,405.37 2 0
github.com/cloudwego/hertz/pkg/app/fs.go:399.37,402.3 1 0
github.com/cloudwego/hertz/pkg/app/fs.go:408.39,411.16 3 1
github.com/cloudwego/hertz/pkg/app/fs.go:423.2,424.12 2 1
github.com/cloudwego/hertz/pkg/app/fs.go:411.16,412.13 1 1
github.com/cloudwego/hertz/pkg/app/fs.go:416.3,419.27 4 1
github.com/cloudwego/hertz/pkg/app/fs.go:412.13,413.57 1 0
github.com/cloudwego/hertz/pkg/app/fs.go:420.8,422.3 1 0
github.com/cloudwego/hertz/pkg/app/fs.go:427.66,435.34 4 0
github.com/cloudwego/hertz/pkg/app/fs.go:442.2,449.36 5 0
github.com/cloudwego/hertz/pkg/app/fs.go:453.2,453.21 1 0
github.com/cloudwego/hertz/pkg/app/fs.go:435.34,436.26 1 0
github.com/cloudwego/hertz/pkg/app/fs.go:436.26,438.4 1 0
github.com/cloudwego/hertz/pkg/app/fs.go:438.9,440.4 1 0
github.com/cloudwego/hertz/pkg/app/fs.go:449.36,451.3 1 0
github.com/cloudwego/hertz/pkg/app/fs.go:456.77,458.16 2 1
github.com/cloudwego/hertz/pkg/app/fs.go:462.2,463.16 2 1
github.com/cloudwego/hertz/pkg/app/fs.go:468.2,468.22 1 1
github.com/cloudwego/hertz/pkg/app/fs.go:473.2,475.53 1 0
github.com/cloudwego/hertz/pkg/app/fs.go:479.2,481.16 3 0
github.com/cloudwego/hertz/pkg/app/fs.go:486.2,491.16 5 0
github.com/cloudwego/hertz/pkg/app/fs.go:458.16,460.3 1 0
github.com/cloudwego/hertz/pkg/app/fs.go:463.16,466.3 2 0
github.com/cloudwego/hertz/pkg/app/fs.go:468.22,471.3 2 1
github.com/cloudwego/hertz/pkg/app/fs.go:475.53,477.3 1 0
github.com/cloudwego/hertz/pkg/app/fs.go:481.16,484.3 2 0
github.com/cloudwego/hertz/pkg/app/fs.go:494.75,496.16 2 0
github.com/cloudwego/hertz/pkg/app/fs.go:499.2,500.16 2 0
github.com/cloudwego/hertz/pkg/app/fs.go:504.2,504.39 1 0
github.com/cloudwego/hertz/pkg/app/fs.go:496.16,498.3 1 0
github.com/cloudwego/hertz/pkg/app/fs.go:500.16,503.3 2 0
github.com/cloudwego/hertz/pkg/app/fs.go:507.128,512.55 1 0
github.com/cloudwego/hertz/pkg/app/fs.go:519.2,521.16 3 0
github.com/cloudwego/hertz/pkg/app/fs.go:529.2,532.36 4 0
github.com/cloudwego/hertz/pkg/app/fs.go:535.2,538.16 4 0
github.com/cloudwego/hertz/pkg/app/fs.go:541.2,541.79 1 0
github.com/cloudwego/hertz/pkg/app/fs.go:545.2,545.66 1 0
github.com/cloudwego/hertz/pkg/app/fs.go:548.2,548.50 1 0
github.com/cloudwego/hertz/pkg/app/fs.go:512.55,515.3 2 0
github.com/cloudwego/hertz/pkg/app/fs.go:521.16,523.28 2 0
github.com/cloudwego/hertz/pkg/app/fs.go:526.3,526.36 1 0
github.com/cloudwego/hertz/pkg/app/fs.go:523.28,525.4 1 0
github.com/cloudwego/hertz/pkg/app/fs.go:532.36,534.3 1 0
github.com/cloudwego/hertz/pkg/app/fs.go:538.16,540.3 1 0
github.com/cloudwego/hertz/pkg/app/fs.go:541.79,544.3 1 0
github.com/cloudwego/hertz/pkg/app/fs.go:545.66,547.3 1 0
github.com/cloudwego/hertz/pkg/app/fs.go:551.85,553.18 2 1
github.com/cloudwego/hertz/pkg/app/fs.go:557.2,558.16 2 1
github.com/cloudwego/hertz/pkg/app/fs.go:565.2,566.16 2 1
github.com/cloudwego/hertz/pkg/app/fs.go:571.2,571.22 1 1
github.com/cloudwego/hertz/pkg/app/fs.go:580.2,580.18 1 1
github.com/cloudwego/hertz/pkg/app/fs.go:595.2,595.47 1 1
github.com/cloudwego/hertz/pkg/app/fs.go:553.18,555.3 1 1
github.com/cloudwego/hertz/pkg/app/fs.go:558.16,559.41 1 1
github.com/cloudwego/hertz/pkg/app/fs.go:562.3,562.18 1 1
github.com/cloudwego/hertz/pkg/app/fs.go:559.41,561.4 1 1
github.com/cloudwego/hertz/pkg/app/fs.go:566.16,569.3 2 0
github.com/cloudwego/hertz/pkg/app/fs.go:571.22,573.19 2 1
github.com/cloudwego/hertz/pkg/app/fs.go:577.3,577.34 1 1
github.com/cloudwego/hertz/pkg/app/fs.go:573.19,576.4 1 0
github.com/cloudwego/hertz/pkg/app/fs.go:580.18,582.17 2 1
github.com/cloudwego/hertz/pkg/app/fs.go:587.3,587.55 1 1
github.com/cloudwego/hertz/pkg/app/fs.go:582.17,585.4 2 0
github.com/cloudwego/hertz/pkg/app/fs.go:587.55,592.4 3 0
github.com/cloudwego/hertz/pkg/app/fs.go:598.99,601.31 3 1
github.com/cloudwego/hertz/pkg/app/fs.go:607.2,609.27 3 1
github.com/cloudwego/hertz/pkg/app/fs.go:617.2,629.16 3 1
github.com/cloudwego/hertz/pkg/app/fs.go:601.31,604.3 2 0
github.com/cloudwego/hertz/pkg/app/fs.go:609.27,611.17 2 1
github.com/cloudwego/hertz/pkg/app/fs.go:614.3,614.45 1 1
github.com/cloudwego/hertz/pkg/app/fs.go:611.17,613.4 1 0
github.com/cloudwego/hertz/pkg/app/fs.go:632.108,640.30 6 1
github.com/cloudwego/hertz/pkg/app/fs.go:648.2,649.16 2 1
github.com/cloudwego/hertz/pkg/app/fs.go:653.2,655.16 3 1
github.com/cloudwego/hertz/pkg/app/fs.go:659.2,661.31 3 1
github.com/cloudwego/hertz/pkg/app/fs.go:671.2,676.33 5 1
github.com/cloudwego/hertz/pkg/app/fs.go:690.2,691.18 2 1
github.com/cloudwego/hertz/pkg/app/fs.go:697.2,710.16 4 1
github.com/cloudwego/hertz/pkg/app/fs.go:640.30,646.3 5 0
github.com/cloudwego/hertz/pkg/app/fs.go:649.16,651.3 1 0
github.com/cloudwego/hertz/pkg/app/fs.go:655.16,657.3 1 0
github.com/cloudwego/hertz/pkg/app/fs.go:661.31,663.54 2 1
github.com/cloudwego/hertz/pkg/app/fs.go:667.3,668.38 2 1
github.com/cloudwego/hertz/pkg/app/fs.go:663.54,665.12 1 1
github.com/cloudwego/hertz/pkg/app/fs.go:676.33,682.18 6 1
github.com/cloudwego/hertz/pkg/app/fs.go:686.3,687.85 1 1
github.com/cloudwego/hertz/pkg/app/fs.go:682.18,685.4 2 1
github.com/cloudwego/hertz/pkg/app/fs.go:691.18,695.3 3 1
github.com/cloudwego/hertz/pkg/app/fs.go:713.108,714.41 1 1
github.com/cloudwego/hertz/pkg/app/fs.go:725.2,725.27 1 1
github.com/cloudwego/hertz/pkg/app/fs.go:729.2,729.59 1 1
github.com/cloudwego/hertz/pkg/app/fs.go:714.41,717.17 3 0
github.com/cloudwego/hertz/pkg/app/fs.go:720.3,720.26 1 0
github.com/cloudwego/hertz/pkg/app/fs.go:717.17,719.4 1 0
github.com/cloudwego/hertz/pkg/app/fs.go:720.26,722.4 1 0
github.com/cloudwego/hertz/pkg/app/fs.go:725.27,727.3 1 0
github.com/cloudwego/hertz/pkg/app/fs.go:732.37,736.25 4 1
github.com/cloudwego/hertz/pkg/app/fs.go:736.25,737.46 1 0
github.com/cloudwego/hertz/pkg/app/fs.go:741.54,742.17 1 1
github.com/cloudwego/hertz/pkg/app/fs.go:746.2,750.11 4 1
github.com/cloudwego/hertz/pkg/app/fs.go:754.2,756.14 2 1
github.com/cloudwego/hertz/pkg/app/fs.go:760.2,761.16 2 1
github.com/cloudwego/hertz/pkg/app/fs.go:764.2,768.8 1 1
github.com/cloudwego/hertz/pkg/app/fs.go:742.17,743.54 1 0
github.com/cloudwego/hertz/pkg/app/fs.go:750.11,753.3 2 1
github.com/cloudwego/hertz/pkg/app/fs.go:756.14,758.3 1 1
github.com/cloudwego/hertz/pkg/app/fs.go:761.16,763.3 1 0
github.com/cloudwego/hertz/pkg/app/fs.go:771.50,772.16 1 1
github.com/cloudwego/hertz/pkg/app/fs.go:779.2,779.34 1 1
github.com/cloudwego/hertz/pkg/app/fs.go:772.16,774.17 2 1
github.com/cloudwego/hertz/pkg/app/fs.go:777.3,777.16 1 1
github.com/cloudwego/hertz/pkg/app/fs.go:774.17,776.4 1 0
github.com/cloudwego/hertz/pkg/app/fs.go:782.47,784.14 2 1
github.com/cloudwego/hertz/pkg/app/fs.go:787.2,790.20 4 1
github.com/cloudwego/hertz/pkg/app/fs.go:793.2,793.10 1 1
github.com/cloudwego/hertz/pkg/app/fs.go:784.14,786.3 1 1
github.com/cloudwego/hertz/pkg/app/fs.go:790.20,791.74 1 0
github.com/cloudwego/hertz/pkg/app/fs.go:796.75,798.26 2 1
github.com/cloudwego/hertz/pkg/app/fs.go:803.2,805.43 2 1
github.com/cloudwego/hertz/pkg/app/fs.go:810.2,810.26 1 1
github.com/cloudwego/hertz/pkg/app/fs.go:821.2,824.101 4 1
github.com/cloudwego/hertz/pkg/app/fs.go:829.2,831.8 3 1
github.com/cloudwego/hertz/pkg/app/fs.go:834.2,836.9 2 1
github.com/cloudwego/hertz/pkg/app/fs.go:885.2,885.43 1 1
github.com/cloudwego/hertz/pkg/app/fs.go:891.2,892.16 2 1
github.com/cloudwego/hertz/pkg/app/fs.go:898.2,899.19 2 1
github.com/cloudwego/hertz/pkg/app/fs.go:903.2,905.23 3 1
github.com/cloudwego/hertz/pkg/app/fs.go:929.2,930.19 2 1
github.com/cloudwego/hertz/pkg/app/fs.go:944.2,945.33 2 1
github.com/cloudwego/hertz/pkg/app/fs.go:948.2,948.31 1 1
github.com/cloudwego/hertz/pkg/app/fs.go:798.26,800.3 1 0
github.com/cloudwego/hertz/pkg/app/fs.go:800.8,802.3 1 1
github.com/cloudwego/hertz/pkg/app/fs.go:805.43,809.3 3 0
github.com/cloudwego/hertz/pkg/app/fs.go:810.26,814.66 1 0
github.com/cloudwego/hertz/pkg/app/fs.go:814.66,818.4 3 0
github.com/cloudwego/hertz/pkg/app/fs.go:824.101,827.3 2 1
github.com/cloudwego/hertz/pkg/app/fs.go:831.8,833.3 1 1
github.com/cloudwego/hertz/pkg/app/fs.go:836.9,842.51 5 1
github.com/cloudwego/hertz/pkg/app/fs.go:848.3,848.33 1 1
github.com/cloudwego/hertz/pkg/app/fs.go:866.3,868.10 3 1
github.com/cloudwego/hertz/pkg/app/fs.go:874.3,876.9 2 1
github.com/cloudwego/hertz/pkg/app/fs.go:842.51,847.4 3 0
github.com/cloudwego/hertz/pkg/app/fs.go:848.33,850.18 2 1
github.com/cloudwego/hertz/pkg/app/fs.go:850.18,854.5 3 0
github.com/cloudwego/hertz/pkg/app/fs.go:855.9,855.24 1 1
github.com/cloudwego/hertz/pkg/app/fs.go:855.24,857.29 2 1
github.com/cloudwego/hertz/pkg/app/fs.go:863.4,863.10 1 1
github.com/cloudwego/hertz/pkg/app/fs.go:857.29,859.5 1 1
github.com/cloudwego/hertz/pkg/app/fs.go:859.10,862.5 2 1
github.com/cloudwego/hertz/pkg/app/fs.go:868.10,871.4 2 1
github.com/cloudwego/hertz/pkg/app/fs.go:871.9,873.4 1 1
github.com/cloudwego/hertz/pkg/app/fs.go:876.9,882.4 2 1
github.com/cloudwego/hertz/pkg/app/fs.go:885.43,889.3 3 0
github.com/cloudwego/hertz/pkg/app/fs.go:892.16,896.3 3 0
github.com/cloudwego/hertz/pkg/app/fs.go:899.19,901.3 1 1
github.com/cloudwego/hertz/pkg/app/fs.go:905.23,907.25 2 1
github.com/cloudwego/hertz/pkg/app/fs.go:907.25,909.18 2 1
github.com/cloudwego/hertz/pkg/app/fs.go:916.4,916.80 1 1
github.com/cloudwego/hertz/pkg/app/fs.go:923.4,925.44 3 1
github.com/cloudwego/hertz/pkg/app/fs.go:909.18,914.5 4 0
github.com/cloudwego/hertz/pkg/app/fs.go:916.80,921.5 4 0
github.com/cloudwego/hertz/pkg/app/fs.go:930.19,932.3 1 1
github.com/cloudwego/hertz/pkg/app/fs.go:932.8,936.34 4 1
github.com/cloudwego/hertz/pkg/app/fs.go:936.34,937.37 1 1
github.com/cloudwego/hertz/pkg/app/fs.go:937.37,941.5 3 0
github.com/cloudwego/hertz/pkg/app/fs.go:945.33,947.3 1 1
github.com/cloudwego/hertz/pkg/app/fs.go:969.29,970.17 1 1
github.com/cloudwego/hertz/pkg/app/fs.go:970.17,973.17 2 1
github.com/cloudwego/hertz/pkg/app/fs.go:973.17,975.34 2 1
github.com/cloudwego/hertz/pkg/app/fs.go:978.4,978.28 1 1
github.com/cloudwego/hertz/pkg/app/fs.go:975.34,977.5 1 0
github.com/cloudwego/hertz/pkg/app/fs.go:983.32,985.2 1 1
github.com/cloudwego/hertz/pkg/app/fs.go:987.141,989.27 2 0
github.com/cloudwego/hertz/pkg/app/fs.go:1002.2,1002.37 1 0
github.com/cloudwego/hertz/pkg/app/fs.go:989.27,990.34 1 0
github.com/cloudwego/hertz/pkg/app/fs.go:990.34,991.27 1 0
github.com/cloudwego/hertz/pkg/app/fs.go:999.4,999.20 1 0
github.com/cloudwego/hertz/pkg/app/fs.go:991.27,996.5 1 0
github.com/cloudwego/hertz/pkg/app/fs.go:996.10,998.5 1 0
github.com/cloudwego/hertz/pkg/app/fs.go:1005.47,1006.48 1 1
github.com/cloudwego/hertz/pkg/app/fs.go:1009.2,1009.13 1 1
github.com/cloudwego/hertz/pkg/app/fs.go:1006.48,1008.3 1 1
github.com/cloudwego/hertz/pkg/app/fs.go:1012.68,1026.16 8 0
github.com/cloudwego/hertz/pkg/app/fs.go:1030.2,1033.50 4 0
github.com/cloudwego/hertz/pkg/app/fs.go:1026.16,1028.3 1 0
github.com/cloudwego/hertz/pkg/app/fs.go:1041.46,1044.18 3 1
github.com/cloudwego/hertz/pkg/app/fs.go:1048.2,1049.14 2 1
github.com/cloudwego/hertz/pkg/app/fs.go:1044.18,1047.3 2 1
github.com/cloudwego/hertz/pkg/app/fs.go:1052.86,1053.65 1 1
github.com/cloudwego/hertz/pkg/app/fs.go:1056.2,1057.11 2 1
github.com/cloudwego/hertz/pkg/app/fs.go:1060.2,1060.17 1 1
github.com/cloudwego/hertz/pkg/app/fs.go:1053.65,1055.3 1 1
github.com/cloudwego/hertz/pkg/app/fs.go:1057.11,1059.3 1 1
github.com/cloudwego/hertz/pkg/app/fs.go:1063.66,1066.16 3 1
github.com/cloudwego/hertz/pkg/app/fs.go:1074.2,1079.40 3 1
github.com/cloudwego/hertz/pkg/app/fs.go:1083.2,1083.15 1 1
github.com/cloudwego/hertz/pkg/app/fs.go:1087.2,1087.18 1 1
github.com/cloudwego/hertz/pkg/app/fs.go:1066.16,1068.58 2 0
github.com/cloudwego/hertz/pkg/app/fs.go:1071.3,1071.9 1 0
github.com/cloudwego/hertz/pkg/app/fs.go:1068.58,1070.4 1 0
github.com/cloudwego/hertz/pkg/app/fs.go:1079.40,1081.3 1 0
github.com/cloudwego/hertz/pkg/app/fs.go:1083.15,1085.3 1 0
github.com/cloudwego/hertz/pkg/app/fs.go:1090.39,1092.2 1 1
github.com/cloudwego/hertz/pkg/app/fs.go:1097.92,1099.43 2 1
github.com/cloudwego/hertz/pkg/app/fs.go:1103.2,1104.32 2 1
github.com/cloudwego/hertz/pkg/app/fs.go:1107.2,1110.11 3 1
github.com/cloudwego/hertz/pkg/app/fs.go:1114.2,1114.12 1 1
github.com/cloudwego/hertz/pkg/app/fs.go:1126.2,1126.60 1 1
github.com/cloudwego/hertz/pkg/app/fs.go:1129.2,1129.31 1 1
github.com/cloudwego/hertz/pkg/app/fs.go:1133.2,1134.17 2 1
github.com/cloudwego/hertz/pkg/app/fs.go:1138.2,1138.54 1 1
github.com/cloudwego/hertz/pkg/app/fs.go:1141.2,1141.29 1 1
github.com/cloudwego/hertz/pkg/app/fs.go:1144.2,1144.23 1 1
github.com/cloudwego/hertz/pkg/app/fs.go:1147.2,1147.30 1 1
github.com/cloudwego/hertz/pkg/app/fs.go:1099.43,1101.3 1 1
github.com/cloudwego/hertz/pkg/app/fs.go:1104.32,1106.3 1 0
github.com/cloudwego/hertz/pkg/app/fs.go:1110.11,1112.3 1 1
github.com/cloudwego/hertz/pkg/app/fs.go:1114.12,1116.17 2 1
github.com/cloudwego/hertz/pkg/app/fs.go:1119.3,1120.19 2 1
github.com/cloudwego/hertz/pkg/app/fs.go:1123.3,1123.42 1 1
github.com/cloudwego/hertz/pkg/app/fs.go:1116.17,1118.4 1 0
github.com/cloudwego/hertz/pkg/app/fs.go:1120.19,1122.4 1 1
github.com/cloudwego/hertz/pkg/app/fs.go:1126.60,1128.3 1 1
github.com/cloudwego/hertz/pkg/app/fs.go:1129.31,1131.3 1 1
github.com/cloudwego/hertz/pkg/app/fs.go:1134.17,1136.3 1 1
github.com/cloudwego/hertz/pkg/app/fs.go:1138.54,1140.3 1 1
github.com/cloudwego/hertz/pkg/app/fs.go:1141.29,1143.3 1 1
github.com/cloudwego/hertz/pkg/app/fs.go:1144.23,1146.3 1 1
github.com/cloudwego/hertz/pkg/app/fs.go:1161.61,1162.42 1 1
github.com/cloudwego/hertz/pkg/app/fs.go:1162.42,1165.46 3 1
github.com/cloudwego/hertz/pkg/app/fs.go:1168.3,1168.21 1 1
github.com/cloudwego/hertz/pkg/app/fs.go:1171.3,1178.20 7 1
github.com/cloudwego/hertz/pkg/app/fs.go:1165.46,1167.4 1 1
github.com/cloudwego/hertz/pkg/app/fs.go:1168.21,1170.4 1 1
github.com/cloudwego/hertz/pkg/app/fs.go:1182.64,1183.40 1 1
github.com/cloudwego/hertz/pkg/app/fs.go:1195.2,1195.13 1 1
github.com/cloudwego/hertz/pkg/app/fs.go:1183.40,1184.21 1 1
github.com/cloudwego/hertz/pkg/app/fs.go:1187.3,1188.12 2 1
github.com/cloudwego/hertz/pkg/app/fs.go:1192.3,1193.17 2 1
github.com/cloudwego/hertz/pkg/app/fs.go:1184.21,1185.44 1 0
github.com/cloudwego/hertz/pkg/app/fs.go:1188.12,1190.9 2 1
github.com/cloudwego/hertz/pkg/app/fs.go:1205.62,1208.2 2 1
github.com/cloudwego/hertz/pkg/app/fs.go:1220.63,1221.42 1 0
github.com/cloudwego/hertz/pkg/app/fs.go:1221.42,1223.3 1 0
github.com/cloudwego/hertz/pkg/app/context.go:103.56,104.42 1 1
github.com/cloudwego/hertz/pkg/app/context.go:104.42,109.17 4 1
github.com/cloudwego/hertz/pkg/app/context.go:113.3,114.22 2 1
github.com/cloudwego/hertz/pkg/app/context.go:118.3,120.14 2 1
github.com/cloudwego/hertz/pkg/app/context.go:129.3,129.21 1 1
github.com/cloudwego/hertz/pkg/app/context.go:109.17,111.4 1 0
github.com/cloudwego/hertz/pkg/app/context.go:114.22,116.4 1 0
github.com/cloudwego/hertz/pkg/app/context.go:120.14,121.47 1 1
github.com/cloudwego/hertz/pkg/app/context.go:121.47,123.14 2 1
github.com/cloudwego/hertz/pkg/app/context.go:123.14,125.6 1 1
github.com/cloudwego/hertz/pkg/app/context.go:134.70,135.25 1 1
github.com/cloudwego/hertz/pkg/app/context.go:139.2,139.36 1 1
github.com/cloudwego/hertz/pkg/app/context.go:144.2,144.14 1 1
github.com/cloudwego/hertz/pkg/app/context.go:135.25,137.3 1 1
github.com/cloudwego/hertz/pkg/app/context.go:139.36,140.30 1 1
github.com/cloudwego/hertz/pkg/app/context.go:140.30,142.4 1 1
github.com/cloudwego/hertz/pkg/app/context.go:148.93,149.18 1 1
github.com/cloudwego/hertz/pkg/app/context.go:152.2,153.39 2 1
github.com/cloudwego/hertz/pkg/app/context.go:166.2,166.18 1 0
github.com/cloudwego/hertz/pkg/app/context.go:149.18,151.3 1 1
github.com/cloudwego/hertz/pkg/app/context.go:153.39,156.16 3 1
github.com/cloudwego/hertz/pkg/app/context.go:162.3,162.54 1 1
github.com/cloudwego/hertz/pkg/app/context.go:156.16,157.9 1 0
github.com/cloudwego/hertz/pkg/app/context.go:162.54,164.4 1 1
github.com/cloudwego/hertz/pkg/app/context.go:173.35,175.2 1 1
github.com/cloudwego/hertz/pkg/app/context.go:179.69,181.16 2 1
github.com/cloudwego/hertz/pkg/app/context.go:184.2,185.16 2 1
github.com/cloudwego/hertz/pkg/app/context.go:188.2,189.35 2 1
github.com/cloudwego/hertz/pkg/app/context.go:195.2,195.12 1 1
github.com/cloudwego/hertz/pkg/app/context.go:181.16,183.3 1 1
github.com/cloudwego/hertz/pkg/app/context.go:185.16,187.3 1 1
github.com/cloudwego/hertz/pkg/app/context.go:189.35,191.18 2 1
github.com/cloudwego/hertz/pkg/app/context.go:191.18,193.4 1 1
github.com/cloudwego/hertz/pkg/app/context.go:244.36,246.2 1 0
github.com/cloudwego/hertz/pkg/app/context.go:248.44,250.2 1 0
github.com/cloudwego/hertz/pkg/app/context.go:254.42,255.43 1 1
github.com/cloudwego/hertz/pkg/app/context.go:258.2,258.47 1 0
github.com/cloudwego/hertz/pkg/app/context.go:255.43,257.3 1 1
github.com/cloudwego/hertz/pkg/app/context.go:261.56,263.2 1 1
github.com/cloudwego/hertz/pkg/app/context.go:265.62,267.2 1 1
github.com/cloudwego/hertz/pkg/app/context.go:269.61,271.2 1 1
github.com/cloudwego/hertz/pkg/app/context.go:273.76,275.2 1 1
github.com/cloudwego/hertz/pkg/app/context.go:277.63,279.2 1 1
github.com/cloudwego/hertz/pkg/app/context.go:281.64,283.2 1 1
github.com/cloudwego/hertz/pkg/app/context.go:285.49,287.2 1 1
github.com/cloudwego/hertz/pkg/app/context.go:292.56,294.2 1 1
github.com/cloudwego/hertz/pkg/app/context.go:299.51,303.2 3 1
github.com/cloudwego/hertz/pkg/app/context.go:306.73,308.33 2 1
github.com/cloudwego/hertz/pkg/app/context.go:311.2,311.18 1 1
github.com/cloudwego/hertz/pkg/app/context.go:308.33,310.3 1 1
github.com/cloudwego/hertz/pkg/app/context.go:314.52,316.2 1 1
github.com/cloudwego/hertz/pkg/app/context.go:318.51,320.2 1 1
github.com/cloudwego/hertz/pkg/app/context.go:322.62,324.2 1 1
github.com/cloudwego/hertz/pkg/app/context.go:326.61,328.2 1 1
github.com/cloudwego/hertz/pkg/app/context.go:330.55,332.2 1 1
github.com/cloudwego/hertz/pkg/app/context.go:334.55,336.2 1 1
github.com/cloudwego/hertz/pkg/app/context.go:338.44,340.2 1 1
github.com/cloudwego/hertz/pkg/app/context.go:344.49,346.2 1 1
github.com/cloudwego/hertz/pkg/app/context.go:358.52,360.2 1 1
github.com/cloudwego/hertz/pkg/app/context.go:366.93,368.2 1 1
github.com/cloudwego/hertz/pkg/app/context.go:370.87,372.2 1 1
github.com/cloudwego/hertz/pkg/app/context.go:379.96,383.2 3 1
github.com/cloudwego/hertz/pkg/app/context.go:385.90,389.2 3 1
github.com/cloudwego/hertz/pkg/app/context.go:391.41,393.2 1 1
github.com/cloudwego/hertz/pkg/app/context.go:395.13,397.2 1 1
github.com/cloudwego/hertz/pkg/app/context.go:401.55,403.2 1 1
github.com/cloudwego/hertz/pkg/app/context.go:405.49,407.2 1 1
github.com/cloudwego/hertz/pkg/app/context.go:409.41,411.2 1 1
github.com/cloudwego/hertz/pkg/app/context.go:450.58,452.2 1 1
github.com/cloudwego/hertz/pkg/app/context.go:457.43,458.34 1 1
github.com/cloudwego/hertz/pkg/app/context.go:461.2,461.12 1 1
github.com/cloudwego/hertz/pkg/app/context.go:458.34,460.3 1 1
github.com/cloudwego/hertz/pkg/app/context.go:464.55,466.25 2 1
github.com/cloudwego/hertz/pkg/app/context.go:469.2,471.11 3 1
github.com/cloudwego/hertz/pkg/app/context.go:466.25,468.3 1 1
github.com/cloudwego/hertz/pkg/app/context.go:475.65,479.2 3 1
github.com/cloudwego/hertz/pkg/app/context.go:482.67,486.2 3 1
github.com/cloudwego/hertz/pkg/app/context.go:493.63,495.21 1 1
github.com/cloudwego/hertz/pkg/app/context.go:498.2,498.39 1 1
github.com/cloudwego/hertz/pkg/app/context.go:502.2,502.12 1 0
github.com/cloudwego/hertz/pkg/app/context.go:495.21,497.3 1 1
github.com/cloudwego/hertz/pkg/app/context.go:498.39,501.3 2 1
github.com/cloudwego/hertz/pkg/app/context.go:506.44,508.2 1 1
github.com/cloudwego/hertz/pkg/app/context.go:521.78,523.2 1 1
github.com/cloudwego/hertz/pkg/app/context.go:528.42,530.2 1 1
github.com/cloudwego/hertz/pkg/app/context.go:535.50,536.21 1 1
github.com/cloudwego/hertz/pkg/app/context.go:539.2,540.17 2 1
github.com/cloudwego/hertz/pkg/app/context.go:543.2,543.13 1 1
github.com/cloudwego/hertz/pkg/app/context.go:536.21,538.3 1 1
github.com/cloudwego/hertz/pkg/app/context.go:540.17,542.3 1 0
github.com/cloudwego/hertz/pkg/app/context.go:547.63,550.2 2 1
github.com/cloudwego/hertz/pkg/app/context.go:553.63,555.2 1 1
github.com/cloudwego/hertz/pkg/app/context.go:560.42,562.2 1 1
github.com/cloudwego/hertz/pkg/app/context.go:565.42,568.2 2 1
github.com/cloudwego/hertz/pkg/app/context.go:574.73,576.24 2 1
github.com/cloudwego/hertz/pkg/app/context.go:579.2,580.16 2 1
github.com/cloudwego/hertz/pkg/app/context.go:583.2,584.35 2 1
github.com/cloudwego/hertz/pkg/app/context.go:576.24,578.3 1 1
github.com/cloudwego/hertz/pkg/app/context.go:580.16,582.3 1 0
github.com/cloudwego/hertz/pkg/app/context.go:590.48,592.2 1 1
github.com/cloudwego/hertz/pkg/app/context.go:594.83,596.2 1 1
github.com/cloudwego/hertz/pkg/app/context.go:604.46,606.2 1 1
github.com/cloudwego/hertz/pkg/app/context.go:608.50,610.2 1 1
github.com/cloudwego/hertz/pkg/app/context.go:613.58,615.2 1 1
github.com/cloudwego/hertz/pkg/app/context.go:618.57,621.2 2 1
github.com/cloudwego/hertz/pkg/app/context.go:624.50,626.2 1 1
github.com/cloudwego/hertz/pkg/app/context.go:628.64,629.25 1 1
github.com/cloudwego/hertz/pkg/app/context.go:633.2,635.51 2 1
github.com/cloudwego/hertz/pkg/app/context.go:629.25,631.3 1 1
github.com/cloudwego/hertz/pkg/app/context.go:641.70,644.2 2 1
github.com/cloudwego/hertz/pkg/app/context.go:647.55,649.2 1 1
github.com/cloudwego/hertz/pkg/app/context.go:654.68,656.2 1 1
github.com/cloudwego/hertz/pkg/app/context.go:659.81,661.2 1 1
github.com/cloudwego/hertz/pkg/app/context.go:679.57,680.30 1 1
github.com/cloudwego/hertz/pkg/app/context.go:683.2,683.35 1 1
github.com/cloudwego/hertz/pkg/app/context.go:680.30,682.3 1 1
github.com/cloudwego/hertz/pkg/app/context.go:686.74,688.35 2 1
github.com/cloudwego/hertz/pkg/app/context.go:694.2,694.18 1 1
github.com/cloudwego/hertz/pkg/app/context.go:688.35,690.18 2 1
github.com/cloudwego/hertz/pkg/app/context.go:690.18,692.4 1 1
github.com/cloudwego/hertz/pkg/app/context.go:697.81,699.35 2 1
github.com/cloudwego/hertz/pkg/app/context.go:705.2,705.19 1 0
github.com/cloudwego/hertz/pkg/app/context.go:699.35,701.18 2 1
github.com/cloudwego/hertz/pkg/app/context.go:701.18,703.4 1 1
github.com/cloudwego/hertz/pkg/app/context.go:708.58,710.2 1 1
github.com/cloudwego/hertz/pkg/app/context.go:726.69,728.2 1 1
github.com/cloudwego/hertz/pkg/app/context.go:731.91,733.16 2 1
github.com/cloudwego/hertz/pkg/app/context.go:736.2,739.16 3 1
github.com/cloudwego/hertz/pkg/app/context.go:742.2,745.12 3 1
github.com/cloudwego/hertz/pkg/app/context.go:733.16,735.3 1 0
github.com/cloudwego/hertz/pkg/app/context.go:739.16,741.3 1 0
github.com/cloudwego/hertz/pkg/app/context.go:749.49,751.2 1 1
github.com/cloudwego/hertz/pkg/app/context.go:754.41,756.2 1 1
github.com/cloudwego/hertz/pkg/app/context.go:759.42,761.2 1 1
github.com/cloudwego/hertz/pkg/app/context.go:764.42,766.2 1 1
github.com/cloudwego/hertz/pkg/app/context.go:771.44,773.2 1 1
github.com/cloudwego/hertz/pkg/app/context.go:776.39,780.2 3 1
github.com/cloudwego/hertz/pkg/app/context.go:782.65,786.2 3 1
github.com/cloudwego/hertz/pkg/app/context.go:788.48,791.48 1 1
github.com/cloudwego/hertz/pkg/app/context.go:794.2,794.27 1 1
github.com/cloudwego/hertz/pkg/app/context.go:791.48,793.3 1 1
github.com/cloudwego/hertz/pkg/app/context.go:802.51,813.29 8 1
github.com/cloudwego/hertz/pkg/app/context.go:816.2,825.11 10 1
github.com/cloudwego/hertz/pkg/app/context.go:813.29,815.3 1 1
github.com/cloudwego/hertz/pkg/app/context.go:830.52,832.42 2 1
github.com/cloudwego/hertz/pkg/app/context.go:832.42,835.3 2 1
github.com/cloudwego/hertz/pkg/app/context.go:839.50,841.2 1 1
github.com/cloudwego/hertz/pkg/app/context.go:844.53,846.2 1 1
github.com/cloudwego/hertz/pkg/app/context.go:848.58,850.2 1 1
github.com/cloudwego/hertz/pkg/app/context.go:855.49,857.2 1 1
github.com/cloudwego/hertz/pkg/app/context.go:859.47,867.25 7 1
github.com/cloudwego/hertz/pkg/app/context.go:872.2,874.25 3 1
github.com/cloudwego/hertz/pkg/app/context.go:867.25,870.3 2 1
github.com/cloudwego/hertz/pkg/app/context.go:874.25,876.3 1 0
github.com/cloudwego/hertz/pkg/app/context.go:882.36,885.2 2 1
github.com/cloudwego/hertz/pkg/app/context.go:894.65,896.2 1 1
github.com/cloudwego/hertz/pkg/app/context.go:901.54,902.17 1 1
github.com/cloudwego/hertz/pkg/app/context.go:906.2,906.37 1 1
github.com/cloudwego/hertz/pkg/app/context.go:902.17,905.3 2 1
github.com/cloudwego/hertz/pkg/app/context.go:911.63,913.21 2 1
github.com/cloudwego/hertz/pkg/app/context.go:917.2,918.17 2 1
github.com/cloudwego/hertz/pkg/app/context.go:913.21,915.3 1 1
github.com/cloudwego/hertz/pkg/app/context.go:923.77,928.2 4 1
github.com/cloudwego/hertz/pkg/app/context.go:931.60,932.43 1 1
github.com/cloudwego/hertz/pkg/app/context.go:935.2,935.45 1 1
github.com/cloudwego/hertz/pkg/app/context.go:932.43,934.3 1 1
github.com/cloudwego/hertz/pkg/app/context.go:939.61,940.47 1 1
github.com/cloudwego/hertz/pkg/app/context.go:943.2,943.8 1 1
github.com/cloudwego/hertz/pkg/app/context.go:940.47,942.3 1 1
github.com/cloudwego/hertz/pkg/app/context.go:947.57,948.47 1 1
github.com/cloudwego/hertz/pkg/app/context.go:951.2,951.8 1 1
github.com/cloudwego/hertz/pkg/app/context.go:948.47,950.3 1 1
github.com/cloudwego/hertz/pkg/app/context.go:955.55,956.47 1 1
github.com/cloudwego/hertz/pkg/app/context.go:959.2,959.8 1 1
github.com/cloudwego/hertz/pkg/app/context.go:956.47,958.3 1 1
github.com/cloudwego/hertz/pkg/app/context.go:963.61,964.47 1 1
github.com/cloudwego/hertz/pkg/app/context.go:967.2,967.8 1 1
github.com/cloudwego/hertz/pkg/app/context.go:964.47,966.3 1 1
github.com/cloudwego/hertz/pkg/app/context.go:971.61,972.47 1 1
github.com/cloudwego/hertz/pkg/app/context.go:975.2,975.8 1 1
github.com/cloudwego/hertz/pkg/app/context.go:972.47,974.3 1 1
github.com/cloudwego/hertz/pkg/app/context.go:979.58,980.47 1 1
github.com/cloudwego/hertz/pkg/app/context.go:983.2,983.8 1 1
github.com/cloudwego/hertz/pkg/app/context.go:980.47,982.3 1 1
github.com/cloudwego/hertz/pkg/app/context.go:987.64,988.47 1 1
github.com/cloudwego/hertz/pkg/app/context.go:991.2,991.8 1 1
github.com/cloudwego/hertz/pkg/app/context.go:988.47,990.3 1 1
github.com/cloudwego/hertz/pkg/app/context.go:995.64,996.47 1 1
github.com/cloudwego/hertz/pkg/app/context.go:999.2,999.8 1 1
github.com/cloudwego/hertz/pkg/app/context.go:996.47,998.3 1 1
github.com/cloudwego/hertz/pkg/app/context.go:1003.65,1004.47 1 1
github.com/cloudwego/hertz/pkg/app/context.go:1007.2,1007.8 1 1
github.com/cloudwego/hertz/pkg/app/context.go:1004.47,1006.3 1 1
github.com/cloudwego/hertz/pkg/app/context.go:1011.65,1012.47 1 1
github.com/cloudwego/hertz/pkg/app/context.go:1015.2,1015.8 1 1
github.com/cloudwego/hertz/pkg/app/context.go:1012.47,1014.3 1 1
github.com/cloudwego/hertz/pkg/app/context.go:1019.62,1020.47 1 1
github.com/cloudwego/hertz/pkg/app/context.go:1023.2,1023.8 1 1
github.com/cloudwego/hertz/pkg/app/context.go:1020.47,1022.3 1 1
github.com/cloudwego/hertz/pkg/app/context.go:1027.70,1028.47 1 1
github.com/cloudwego/hertz/pkg/app/context.go:1031.2,1031.8 1 1
github.com/cloudwego/hertz/pkg/app/context.go:1028.47,1030.3 1 1
github.com/cloudwego/hertz/pkg/app/context.go:1037.69,1038.47 1 1
github.com/cloudwego/hertz/pkg/app/context.go:1041.2,1041.8 1 1
github.com/cloudwego/hertz/pkg/app/context.go:1038.47,1040.3 1 1
github.com/cloudwego/hertz/pkg/app/context.go:1047.81,1048.47 1 1
github.com/cloudwego/hertz/pkg/app/context.go:1051.2,1051.8 1 1
github.com/cloudwego/hertz/pkg/app/context.go:1048.47,1050.3 1 1
github.com/cloudwego/hertz/pkg/app/context.go:1057.83,1058.47 1 1
github.com/cloudwego/hertz/pkg/app/context.go:1061.2,1061.8 1 1
github.com/cloudwego/hertz/pkg/app/context.go:1058.47,1060.3 1 1
github.com/cloudwego/hertz/pkg/app/context.go:1067.91,1068.47 1 1
github.com/cloudwego/hertz/pkg/app/context.go:1071.2,1071.8 1 1
github.com/cloudwego/hertz/pkg/app/context.go:1068.47,1070.3 1 1
github.com/cloudwego/hertz/pkg/app/context.go:1081.53,1083.2 1 0
github.com/cloudwego/hertz/pkg/app/context.go:1091.36,1093.2 1 1
github.com/cloudwego/hertz/pkg/app/context.go:1098.54,1101.2 2 1
github.com/cloudwego/hertz/pkg/app/context.go:1107.69,1113.2 5 1
github.com/cloudwego/hertz/pkg/app/context.go:1119.79,1122.2 2 1
github.com/cloudwego/hertz/pkg/app/context.go:1125.62,1128.33 2 1
github.com/cloudwego/hertz/pkg/app/context.go:1133.2,1133.48 1 1
github.com/cloudwego/hertz/pkg/app/context.go:1128.33,1131.3 2 1
github.com/cloudwego/hertz/pkg/app/context.go:1133.48,1134.13 1 0
github.com/cloudwego/hertz/pkg/app/context.go:1139.64,1141.2 1 1
github.com/cloudwego/hertz/pkg/app/context.go:1146.60,1148.2 1 1
github.com/cloudwego/hertz/pkg/app/context.go:1152.64,1154.2 1 1
github.com/cloudwego/hertz/pkg/app/context.go:1158.68,1160.2 1 1
github.com/cloudwego/hertz/pkg/app/context.go:1166.73,1169.2 2 1
github.com/cloudwego/hertz/pkg/app/context.go:1172.76,1177.2 1 1
github.com/cloudwego/hertz/pkg/app/context.go:1182.59,1184.2 1 1
github.com/cloudwego/hertz/pkg/app/context.go:1190.78,1193.2 2 1
github.com/cloudwego/hertz/pkg/app/context.go:1196.45,1198.2 1 1
github.com/cloudwego/hertz/pkg/app/context.go:1206.59,1207.16 1 1
github.com/cloudwego/hertz/pkg/app/context.go:1211.2,1212.9 2 1
github.com/cloudwego/hertz/pkg/app/context.go:1219.2,1220.20 2 1
github.com/cloudwego/hertz/pkg/app/context.go:1207.16,1208.22 1 1
github.com/cloudwego/hertz/pkg/app/context.go:1212.9,1217.3 1 1
github.com/cloudwego/hertz/pkg/app/context.go:1224.49,1226.2 1 1
github.com/cloudwego/hertz/pkg/app/context.go:1229.54,1231.2 1 1
github.com/cloudwego/hertz/pkg/app/context.go:1251.148,1253.2 1 1
github.com/cloudwego/hertz/pkg/app/context.go:1255.161,1256.16 1 1
github.com/cloudwego/hertz/pkg/app/context.go:1259.2,1270.39 12 1
github.com/cloudwego/hertz/pkg/app/context.go:1256.16,1258.3 1 1
github.com/cloudwego/hertz/pkg/app/context.go:1279.159,1281.2 1 1
github.com/cloudwego/hertz/pkg/app/context.go:1284.47,1286.2 1 1
github.com/cloudwego/hertz/pkg/app/context.go:1289.45,1291.2 1 1
github.com/cloudwego/hertz/pkg/app/context.go:1294.57,1296.2 1 1
github.com/cloudwego/hertz/pkg/app/context.go:1299.48,1301.2 1 1
github.com/cloudwego/hertz/pkg/app/context.go:1304.51,1306.2 1 1
github.com/cloudwego/hertz/pkg/app/context.go:1311.46,1312.29 1 1
github.com/cloudwego/hertz/pkg/app/context.go:1315.2,1315.29 1 1
github.com/cloudwego/hertz/pkg/app/context.go:1312.29,1314.3 1 1
github.com/cloudwego/hertz/pkg/app/context.go:1323.55,1325.2 1 1
github.com/cloudwego/hertz/pkg/app/context.go:1332.54,1334.2 1 1
github.com/cloudwego/hertz/pkg/app/context.go:1345.53,1348.2 2 1
github.com/cloudwego/hertz/pkg/app/context.go:1352.74,1353.40 1 1
github.com/cloudwego/hertz/pkg/app/context.go:1356.2,1356.21 1 1
github.com/cloudwego/hertz/pkg/app/context.go:1353.40,1355.3 1 1
github.com/cloudwego/hertz/pkg/app/context.go:1369.64,1371.2 1 1
github.com/cloudwego/hertz/pkg/app/context.go:1375.56,1378.2 2 1
github.com/cloudwego/hertz/pkg/app/context.go:1382.63,1385.2 2 1
github.com/cloudwego/hertz/pkg/app/context.go:1391.77,1392.43 1 1
github.com/cloudwego/hertz/pkg/app/context.go:1395.2,1395.21 1 1
github.com/cloudwego/hertz/pkg/app/context.go:1392.43,1394.3 1 1
github.com/cloudwego/hertz/pkg/app/context.go:1407.67,1408.57 1 1
github.com/cloudwego/hertz/pkg/app/context.go:1411.2,1411.36 1 1
github.com/cloudwego/hertz/pkg/app/context.go:1408.57,1410.3 1 1
github.com/cloudwego/hertz/pkg/app/context.go:1423.74,1426.23 3 1
github.com/cloudwego/hertz/pkg/app/context.go:1429.2,1429.22 1 1
github.com/cloudwego/hertz/pkg/app/context.go:1426.23,1428.3 1 1
github.com/cloudwego/hertz/pkg/app/context.go:1429.22,1431.3 1 1
github.com/cloudwego/hertz/pkg/app/context.go:1431.8,1433.3 1 1
github.com/cloudwego/hertz/pkg/app/context.go:1437.44,1438.9 1 1
github.com/cloudwego/hertz/pkg/app/context.go:1446.2,1446.13 1 1
github.com/cloudwego/hertz/pkg/app/context.go:1439.38,1440.15 1 1
github.com/cloudwego/hertz/pkg/app/context.go:1441.40,1442.15 1 1
github.com/cloudwego/hertz/pkg/app/context.go:1443.42,1444.15 1 1
github.com/cloudwego/hertz/pkg/app/context.go:1449.55,1450.23 1 1
github.com/cloudwego/hertz/pkg/app/context.go:1453.2,1453.32 1 1
github.com/cloudwego/hertz/pkg/app/context.go:1450.23,1452.3 1 1
github.com/cloudwego/hertz/pkg/app/context.go:1456.67,1457.26 1 1
github.com/cloudwego/hertz/pkg/app/context.go:1460.2,1460.35 1 1
github.com/cloudwego/hertz/pkg/app/context.go:1457.26,1459.3 1 1
github.com/cloudwego/hertz/pkg/app/context.go:1465.67,1467.2 1 1
github.com/cloudwego/hertz/pkg/app/context.go:1471.56,1473.2 1 1
github.com/cloudwego/hertz/pkg/app/context.go:1477.60,1479.2 1 1
github.com/cloudwego/hertz/pkg/app/context.go:1483.61,1485.2 1 1
github.com/cloudwego/hertz/pkg/app/context.go:1489.62,1491.2 1 1
github.com/cloudwego/hertz/pkg/app/context.go:1495.60,1497.2 1 1
github.com/cloudwego/hertz/pkg/app/context.go:1501.60,1502.34 1 1
github.com/cloudwego/hertz/pkg/app/context.go:1505.2,1505.52 1 1
github.com/cloudwego/hertz/pkg/app/context.go:1502.34,1504.3 1 1
github.com/cloudwego/hertz/pkg/app/context.go:1510.60,1512.2 1 1
github.com/cloudwego/hertz/pkg/app/context.go:1516.64,1518.2 1 1
github.com/cloudwego/hertz/pkg/app/context.go:1522.69,1523.32 1 0
github.com/cloudwego/hertz/pkg/app/context.go:1526.2,1527.29 2 0
github.com/cloudwego/hertz/pkg/app/context.go:1523.32,1525.3 1 0
github.com/cloudwego/hertz/pkg/app/context.go:1528.34,1529.27 1 0
github.com/cloudwego/hertz/pkg/app/context.go:1530.27,1531.31 1 0
github.com/cloudwego/hertz/pkg/app/context.go:1532.68,1533.27 1 0
github.com/cloudwego/hertz/pkg/app/context.go:1534.10,1535.66 1 0
github.com/cloudwego/hertz/pkg/app/context.go:1543.73,1545.2 1 1
github.com/cloudwego/hertz/pkg/app/context.go:1551.72,1553.2 1 1
github.com/cloudwego/hertz/pkg/app/context.go:1561.71,1563.2 1 1
github.com/cloudwego/hertz/pkg/app/context.go:1568.70,1570.2 1 1
github.com/cloudwego/hertz/pkg/app/client/discovery/discovery.go:50.86,51.26 1 1
github.com/cloudwego/hertz/pkg/app/client/discovery/discovery.go:54.2,54.35 1 1
github.com/cloudwego/hertz/pkg/app/client/discovery/discovery.go:51.26,53.3 1 1
github.com/cloudwego/hertz/pkg/app/client/discovery/discovery.go:57.88,59.2 1 1
github.com/cloudwego/hertz/pkg/app/client/discovery/discovery.go:62.45,63.24 1 1
github.com/cloudwego/hertz/pkg/app/client/discovery/discovery.go:66.2,66.22 1 1
github.com/cloudwego/hertz/pkg/app/client/discovery/discovery.go:63.24,65.3 1 1
github.com/cloudwego/hertz/pkg/app/client/discovery/discovery.go:82.39,84.2 1 1
github.com/cloudwego/hertz/pkg/app/client/discovery/discovery.go:86.33,87.18 1 1
github.com/cloudwego/hertz/pkg/app/client/discovery/discovery.go:90.2,90.31 1 1
github.com/cloudwego/hertz/pkg/app/client/discovery/discovery.go:87.18,89.3 1 1
github.com/cloudwego/hertz/pkg/app/client/discovery/discovery.go:93.63,96.2 2 1
github.com/cloudwego/hertz/pkg/app/client/discovery/discovery.go:99.88,105.2 1 1
github.com/cloudwego/hertz/pkg/app/client/loadbalance/loadbalance.go:61.27,62.28 1 1
github.com/cloudwego/hertz/pkg/app/client/loadbalance/loadbalance.go:65.2,65.27 1 1
github.com/cloudwego/hertz/pkg/app/client/loadbalance/loadbalance.go:62.28,64.3 1 1
github.com/cloudwego/hertz/pkg/app/client/loadbalance/loadbalance.go:65.27,67.3 1 1
github.com/cloudwego/hertz/pkg/app/client/loadbalance/weight_random.go:40.41,43.2 2 1
github.com/cloudwego/hertz/pkg/app/client/loadbalance/weight_random.go:45.76,54.31 3 1
github.com/cloudwego/hertz/pkg/app/client/loadbalance/weight_random.go:66.2,68.10 2 1
github.com/cloudwego/hertz/pkg/app/client/loadbalance/weight_random.go:54.31,56.17 2 1
github.com/cloudwego/hertz/pkg/app/client/loadbalance/weight_random.go:56.17,61.4 4 1
github.com/cloudwego/hertz/pkg/app/client/loadbalance/weight_random.go:61.9,63.4 1 0
github.com/cloudwego/hertz/pkg/app/client/loadbalance/weight_random.go:72.73,74.9 2 1
github.com/cloudwego/hertz/pkg/app/client/loadbalance/weight_random.go:81.2,82.22 2 1
github.com/cloudwego/hertz/pkg/app/client/loadbalance/weight_random.go:86.2,87.40 2 1
github.com/cloudwego/hertz/pkg/app/client/loadbalance/weight_random.go:94.2,94.12 1 0
github.com/cloudwego/hertz/pkg/app/client/loadbalance/weight_random.go:74.9,75.64 1 1
github.com/cloudwego/hertz/pkg/app/client/loadbalance/weight_random.go:78.3,78.44 1 1
github.com/cloudwego/hertz/pkg/app/client/loadbalance/weight_random.go:75.64,77.4 1 1
github.com/cloudwego/hertz/pkg/app/client/loadbalance/weight_random.go:82.22,84.3 1 1
github.com/cloudwego/hertz/pkg/app/client/loadbalance/weight_random.go:87.40,89.17 2 1
github.com/cloudwego/hertz/pkg/app/client/loadbalance/weight_random.go:89.17,91.4 1 1
github.com/cloudwego/hertz/pkg/app/client/loadbalance/weight_random.go:98.59,100.2 1 1
github.com/cloudwego/hertz/pkg/app/client/loadbalance/weight_random.go:103.53,105.2 1 0
github.com/cloudwego/hertz/pkg/app/client/loadbalance/weight_random.go:107.43,109.2 1 1
github.com/cloudwego/hertz/pkg/app/client/loadbalance/lbcache.go:44.63,46.2 1 1
github.com/cloudwego/hertz/pkg/app/client/loadbalance/lbcache.go:64.57,68.8 4 1
github.com/cloudwego/hertz/pkg/app/client/loadbalance/lbcache.go:71.2,71.77 1 1
github.com/cloudwego/hertz/pkg/app/client/loadbalance/lbcache.go:82.2,82.31 1 1
github.com/cloudwego/hertz/pkg/app/client/loadbalance/lbcache.go:68.8,70.3 1 1
github.com/cloudwego/hertz/pkg/app/client/loadbalance/lbcache.go:71.77,81.3 5 1
github.com/cloudwego/hertz/pkg/app/client/loadbalance/lbcache.go:86.37,87.45 1 1
github.com/cloudwego/hertz/pkg/app/client/loadbalance/lbcache.go:87.45,88.51 1 0
github.com/cloudwego/hertz/pkg/app/client/loadbalance/lbcache.go:88.51,90.55 2 0
github.com/cloudwego/hertz/pkg/app/client/loadbalance/lbcache.go:98.4,98.15 1 0
github.com/cloudwego/hertz/pkg/app/client/loadbalance/lbcache.go:90.56,94.5 0 0
github.com/cloudwego/hertz/pkg/app/client/loadbalance/lbcache.go:94.10,97.5 2 0
github.com/cloudwego/hertz/pkg/app/client/loadbalance/lbcache.go:104.71,106.2 1 1
github.com/cloudwego/hertz/pkg/app/client/loadbalance/lbcache.go:109.37,110.46 1 1
github.com/cloudwego/hertz/pkg/app/client/loadbalance/lbcache.go:110.46,111.51 1 1
github.com/cloudwego/hertz/pkg/app/client/loadbalance/lbcache.go:111.51,113.18 2 1
github.com/cloudwego/hertz/pkg/app/client/loadbalance/lbcache.go:117.4,122.15 6 1
github.com/cloudwego/hertz/pkg/app/client/loadbalance/lbcache.go:113.18,116.5 2 0
github.com/cloudwego/hertz/pkg/app/client/loadbalance/lbcache.go:127.111,129.16 2 1
github.com/cloudwego/hertz/pkg/app/client/loadbalance/lbcache.go:132.2,134.16 3 1
github.com/cloudwego/hertz/pkg/app/client/loadbalance/lbcache.go:138.2,138.17 1 1
github.com/cloudwego/hertz/pkg/app/client/loadbalance/lbcache.go:129.16,131.3 1 0
github.com/cloudwego/hertz/pkg/app/client/loadbalance/lbcache.go:134.16,137.3 2 0
github.com/cloudwego/hertz/pkg/app/client/loadbalance/lbcache.go:141.108,144.13 3 1
github.com/cloudwego/hertz/pkg/app/client/loadbalance/lbcache.go:147.2,147.61 1 1
github.com/cloudwego/hertz/pkg/app/client/loadbalance/lbcache.go:162.2,162.16 1 1
github.com/cloudwego/hertz/pkg/app/client/loadbalance/lbcache.go:165.2,165.31 1 1
github.com/cloudwego/hertz/pkg/app/client/loadbalance/lbcache.go:144.13,146.3 1 1
github.com/cloudwego/hertz/pkg/app/client/loadbalance/lbcache.go:147.61,152.17 3 1
github.com/cloudwego/hertz/pkg/app/client/loadbalance/lbcache.go:155.3,160.20 6 1
github.com/cloudwego/hertz/pkg/app/client/loadbalance/lbcache.go:152.17,154.4 1 0
github.com/cloudwego/hertz/pkg/app/client/loadbalance/lbcache.go:162.16,164.3 1 0
github.com/cloudwego/hertz/pkg/app/client/retry/option.go:27.55,28.35 1 1
github.com/cloudwego/hertz/pkg/app/client/retry/option.go:28.35,30.3 1 1
github.com/cloudwego/hertz/pkg/app/client/retry/option.go:34.48,35.35 1 1
github.com/cloudwego/hertz/pkg/app/client/retry/option.go:35.35,37.3 1 1
github.com/cloudwego/hertz/pkg/app/client/retry/option.go:41.50,42.35 1 1
github.com/cloudwego/hertz/pkg/app/client/retry/option.go:42.35,44.3 1 1
github.com/cloudwego/hertz/pkg/app/client/retry/option.go:48.58,49.35 1 1
github.com/cloudwego/hertz/pkg/app/client/retry/option.go:49.35,51.3 1 1
github.com/cloudwego/hertz/pkg/app/client/retry/option.go:55.52,56.35 1 1
github.com/cloudwego/hertz/pkg/app/client/retry/option.go:56.35,58.3 1 1
github.com/cloudwego/hertz/pkg/app/client/retry/retry.go:45.39,46.26 1 1
github.com/cloudwego/hertz/pkg/app/client/retry/retry.go:46.26,48.3 1 1
github.com/cloudwego/hertz/pkg/app/client/retry/retry.go:56.67,58.2 1 1
github.com/cloudwego/hertz/pkg/app/client/retry/retry.go:61.75,63.2 1 1
github.com/cloudwego/hertz/pkg/app/client/retry/retry.go:66.76,67.32 1 1
github.com/cloudwego/hertz/pkg/app/client/retry/retry.go:70.2,70.69 1 1
github.com/cloudwego/hertz/pkg/app/client/retry/retry.go:67.32,69.3 1 1
github.com/cloudwego/hertz/pkg/app/client/retry/retry.go:74.84,75.28 1 1
github.com/cloudwego/hertz/pkg/app/client/retry/retry.go:79.2,80.20 2 1
github.com/cloudwego/hertz/pkg/app/client/retry/retry.go:84.2,84.38 1 1
github.com/cloudwego/hertz/pkg/app/client/retry/retry.go:75.28,77.3 1 1
github.com/cloudwego/hertz/pkg/app/client/retry/retry.go:80.20,82.3 1 1
github.com/cloudwego/hertz/pkg/app/client/retry/retry.go:88.62,91.70 2 1
github.com/cloudwego/hertz/pkg/app/client/retry/retry.go:91.70,93.32 2 1
github.com/cloudwego/hertz/pkg/app/client/retry/retry.go:100.3,100.30 1 1
github.com/cloudwego/hertz/pkg/app/client/retry/retry.go:93.32,95.24 2 1
github.com/cloudwego/hertz/pkg/app/client/retry/retry.go:95.24,97.5 1 1
github.com/cloudwego/hertz/pkg/app/client/retry/retry.go:105.73,106.36 1 1
github.com/cloudwego/hertz/pkg/app/client/retry/retry.go:110.2,111.66 2 1
github.com/cloudwego/hertz/pkg/app/client/retry/retry.go:114.2,114.18 1 1
github.com/cloudwego/hertz/pkg/app/client/retry/retry.go:106.36,108.3 1 1
github.com/cloudwego/hertz/pkg/app/client/retry/retry.go:111.66,113.3 1 1
github.com/cloudwego/hertz/pkg/app/middlewares/client/sd/discovery.go:29.95,44.52 5 1
github.com/cloudwego/hertz/pkg/app/middlewares/client/sd/discovery.go:44.52,45.96 1 1
github.com/cloudwego/hertz/pkg/app/middlewares/client/sd/discovery.go:45.96,46.52 1 1
github.com/cloudwego/hertz/pkg/app/middlewares/client/sd/discovery.go:53.4,53.31 1 1
github.com/cloudwego/hertz/pkg/app/middlewares/client/sd/discovery.go:46.52,48.19 2 1
github.com/cloudwego/hertz/pkg/app/middlewares/client/sd/discovery.go:51.5,51.40 1 1
github.com/cloudwego/hertz/pkg/app/middlewares/client/sd/discovery.go:48.19,50.6 1 0
github.com/cloudwego/hertz/pkg/app/middlewares/client/sd/options.go:42.72,43.26 1 1
github.com/cloudwego/hertz/pkg/app/middlewares/client/sd/options.go:43.26,45.3 1 1
github.com/cloudwego/hertz/pkg/app/middlewares/client/sd/options.go:54.66,56.39 1 1
github.com/cloudwego/hertz/pkg/app/middlewares/client/sd/options.go:56.39,58.31 2 1
github.com/cloudwego/hertz/pkg/app/middlewares/client/sd/options.go:69.4,69.21 1 1
github.com/cloudwego/hertz/pkg/app/middlewares/client/sd/options.go:73.4,75.82 2 1
github.com/cloudwego/hertz/pkg/app/middlewares/client/sd/options.go:58.31,59.62 1 1
github.com/cloudwego/hertz/pkg/app/middlewares/client/sd/options.go:63.5,63.64 1 1
github.com/cloudwego/hertz/pkg/app/middlewares/client/sd/options.go:67.5,67.65 1 0
github.com/cloudwego/hertz/pkg/app/middlewares/client/sd/options.go:59.62,61.14 2 1
github.com/cloudwego/hertz/pkg/app/middlewares/client/sd/options.go:63.64,65.14 2 1
github.com/cloudwego/hertz/pkg/app/middlewares/client/sd/options.go:69.21,70.66 1 0
github.com/cloudwego/hertz/pkg/app/middlewares/client/sd/options.go:75.82,80.6 1 1
github.com/cloudwego/hertz/pkg/app/middlewares/client/sd/options.go:81.29,81.47 1 1
github.com/cloudwego/hertz/pkg/app/middlewares/client/sd/options.go:82.80,84.6 1 0
github.com/cloudwego/hertz/pkg/app/middlewares/client/sd/options.go:91.110,92.68 1 1
github.com/cloudwego/hertz/pkg/app/middlewares/client/sd/options.go:92.68,95.3 2 1
github.com/cloudwego/hertz/pkg/app/middlewares/server/basic_auth/basic_auth.go:59.61,62.2 2 1
github.com/cloudwego/hertz/pkg/app/middlewares/server/basic_auth/basic_auth.go:64.46,67.39 3 1
github.com/cloudwego/hertz/pkg/app/middlewares/server/basic_auth/basic_auth.go:71.2,71.10 1 1
github.com/cloudwego/hertz/pkg/app/middlewares/server/basic_auth/basic_auth.go:67.39,70.3 2 1
github.com/cloudwego/hertz/pkg/app/middlewares/server/basic_auth/basic_auth.go:78.82,81.58 3 1
github.com/cloudwego/hertz/pkg/app/middlewares/server/basic_auth/basic_auth.go:81.58,84.13 2 1
github.com/cloudwego/hertz/pkg/app/middlewares/server/basic_auth/basic_auth.go:92.3,92.23 1 1
github.com/cloudwego/hertz/pkg/app/middlewares/server/basic_auth/basic_auth.go:84.13,89.4 3 1
github.com/cloudwego/hertz/pkg/app/middlewares/server/basic_auth/basic_auth.go:99.51,101.2 1 1
github.com/cloudwego/hertz/pkg/app/middlewares/server/recovery/option.go:35.104,38.2 2 1
github.com/cloudwego/hertz/pkg/app/middlewares/server/recovery/option.go:40.42,45.27 2 1
github.com/cloudwego/hertz/pkg/app/middlewares/server/recovery/option.go:49.2,49.12 1 1
github.com/cloudwego/hertz/pkg/app/middlewares/server/recovery/option.go:45.27,47.3 1 1
github.com/cloudwego/hertz/pkg/app/middlewares/server/recovery/option.go:52.116,53.26 1 1
github.com/cloudwego/hertz/pkg/app/middlewares/server/recovery/option.go:53.26,55.3 1 1
github.com/cloudwego/hertz/pkg/app/middlewares/server/recovery/recovery.go:39.47,42.58 2 1
github.com/cloudwego/hertz/pkg/app/middlewares/server/recovery/recovery.go:42.58,43.16 1 1
github.com/cloudwego/hertz/pkg/app/middlewares/server/recovery/recovery.go:50.3,50.14 1 1
github.com/cloudwego/hertz/pkg/app/middlewares/server/recovery/recovery.go:43.16,44.36 1 1
github.com/cloudwego/hertz/pkg/app/middlewares/server/recovery/recovery.go:44.36,48.5 2 1
github.com/cloudwego/hertz/pkg/app/middlewares/server/recovery/recovery.go:55.29,61.23 4 1
github.com/cloudwego/hertz/pkg/app/middlewares/server/recovery/recovery.go:78.2,78.20 1 1
github.com/cloudwego/hertz/pkg/app/middlewares/server/recovery/recovery.go:61.23,63.10 2 1
github.com/cloudwego/hertz/pkg/app/middlewares/server/recovery/recovery.go:67.3,68.23 2 1
github.com/cloudwego/hertz/pkg/app/middlewares/server/recovery/recovery.go:76.3,76.68 1 1
github.com/cloudwego/hertz/pkg/app/middlewares/server/recovery/recovery.go:63.10,64.9 1 1
github.com/cloudwego/hertz/pkg/app/middlewares/server/recovery/recovery.go:68.23,70.18 2 1
github.com/cloudwego/hertz/pkg/app/middlewares/server/recovery/recovery.go:73.4,74.19 2 1
github.com/cloudwego/hertz/pkg/app/middlewares/server/recovery/recovery.go:70.18,71.13 1 0
github.com/cloudwego/hertz/pkg/app/middlewares/server/recovery/recovery.go:82.43,84.30 2 1
github.com/cloudwego/hertz/pkg/app/middlewares/server/recovery/recovery.go:87.2,87.34 1 1
github.com/cloudwego/hertz/pkg/app/middlewares/server/recovery/recovery.go:84.30,86.3 1 0
github.com/cloudwego/hertz/pkg/app/middlewares/server/recovery/recovery.go:91.34,93.15 2 1
github.com/cloudwego/hertz/pkg/app/middlewares/server/recovery/recovery.go:96.2,105.63 2 1
github.com/cloudwego/hertz/pkg/app/middlewares/server/recovery/recovery.go:108.2,108.51 1 1
github.com/cloudwego/hertz/pkg/app/middlewares/server/recovery/recovery.go:111.2,112.13 2 1
github.com/cloudwego/hertz/pkg/app/middlewares/server/recovery/recovery.go:93.15,95.3 1 0
github.com/cloudwego/hertz/pkg/app/middlewares/server/recovery/recovery.go:105.63,107.3 1 1
github.com/cloudwego/hertz/pkg/app/middlewares/server/recovery/recovery.go:108.51,110.3 1 1
github.com/cloudwego/hertz/pkg/app/client/client.go:93.84,95.2 1 0
github.com/cloudwego/hertz/pkg/app/client/client.go:126.114,128.2 1 0
github.com/cloudwego/hertz/pkg/app/client/client.go:159.112,161.2 1 0
github.com/cloudwego/hertz/pkg/app/client/client.go:182.116,185.2 2 0
github.com/cloudwego/hertz/pkg/app/client/client.go:193.136,195.2 1 0
github.com/cloudwego/hertz/pkg/app/client/client.go:212.166,214.2 1 0
github.com/cloudwego/hertz/pkg/app/client/client.go:231.164,233.2 1 0
github.com/cloudwego/hertz/pkg/app/client/client.go:243.162,245.2 1 0
github.com/cloudwego/hertz/pkg/app/client/client.go:282.53,284.2 1 1
github.com/cloudwego/hertz/pkg/app/client/client.go:286.61,288.2 1 1
github.com/cloudwego/hertz/pkg/app/client/client.go:291.70,292.76 1 0
github.com/cloudwego/hertz/pkg/app/client/client.go:295.2,295.21 1 0
github.com/cloudwego/hertz/pkg/app/client/client.go:292.76,294.3 1 0
github.com/cloudwego/hertz/pkg/app/client/client.go:302.45,304.2 1 1
github.com/cloudwego/hertz/pkg/app/client/client.go:312.148,314.2 1 1
github.com/cloudwego/hertz/pkg/app/client/client.go:325.178,327.2 1 0
github.com/cloudwego/hertz/pkg/app/client/client.go:338.176,340.2 1 0
github.com/cloudwego/hertz/pkg/app/client/client.go:350.174,352.2 1 1
github.com/cloudwego/hertz/pkg/app/client/client.go:383.126,385.2 1 1
github.com/cloudwego/hertz/pkg/app/client/client.go:410.124,412.2 1 0
github.com/cloudwego/hertz/pkg/app/client/client.go:433.128,436.2 2 0
github.com/cloudwego/hertz/pkg/app/client/client.go:457.96,458.18 1 1
github.com/cloudwego/hertz/pkg/app/client/client.go:461.2,461.29 1 1
github.com/cloudwego/hertz/pkg/app/client/client.go:464.2,464.36 1 1
github.com/cloudwego/hertz/pkg/app/client/client.go:458.18,460.3 1 1
github.com/cloudwego/hertz/pkg/app/client/client.go:461.29,463.3 1 1
github.com/cloudwego/hertz/pkg/app/client/client.go:467.96,468.26 1 1
github.com/cloudwego/hertz/pkg/app/client/client.go:471.2,472.16 2 1
github.com/cloudwego/hertz/pkg/app/client/client.go:476.2,479.20 3 1
github.com/cloudwego/hertz/pkg/app/client/client.go:486.2,488.43 3 1
github.com/cloudwego/hertz/pkg/app/client/client.go:493.2,499.11 5 1
github.com/cloudwego/hertz/pkg/app/client/client.go:503.2,505.15 3 1
github.com/cloudwego/hertz/pkg/app/client/client.go:532.2,534.18 2 1
github.com/cloudwego/hertz/pkg/app/client/client.go:538.2,538.30 1 1
github.com/cloudwego/hertz/pkg/app/client/client.go:468.26,470.3 1 1
github.com/cloudwego/hertz/pkg/app/client/client.go:472.16,474.3 1 0
github.com/cloudwego/hertz/pkg/app/client/client.go:479.20,481.17 2 1
github.com/cloudwego/hertz/pkg/app/client/client.go:481.17,483.4 1 0
github.com/cloudwego/hertz/pkg/app/client/client.go:488.43,490.3 1 1
github.com/cloudwego/hertz/pkg/app/client/client.go:490.8,490.89 1 1
github.com/cloudwego/hertz/pkg/app/client/client.go:490.89,492.3 1 0
github.com/cloudwego/hertz/pkg/app/client/client.go:499.11,501.3 1 1
github.com/cloudwego/hertz/pkg/app/client/client.go:505.15,506.29 1 1
github.com/cloudwego/hertz/pkg/app/client/client.go:510.3,518.44 3 1
github.com/cloudwego/hertz/pkg/app/client/client.go:526.3,527.18 2 1
github.com/cloudwego/hertz/pkg/app/client/client.go:506.29,509.4 1 1
github.com/cloudwego/hertz/pkg/app/client/client.go:518.44,520.18 2 1
github.com/cloudwego/hertz/pkg/app/client/client.go:520.18,523.5 2 1
github.com/cloudwego/hertz/pkg/app/client/client.go:527.18,529.4 1 1
github.com/cloudwego/hertz/pkg/app/client/client.go:534.18,536.3 1 1
github.com/cloudwego/hertz/pkg/app/client/client.go:545.41,547.24 2 1
github.com/cloudwego/hertz/pkg/app/client/client.go:550.2,550.18 1 1
github.com/cloudwego/hertz/pkg/app/client/client.go:547.24,549.3 1 1
github.com/cloudwego/hertz/pkg/app/client/client.go:553.29,556.6 2 1
github.com/cloudwego/hertz/pkg/app/client/client.go:556.6,559.25 3 1
github.com/cloudwego/hertz/pkg/app/client/client.go:572.3,572.20 1 1
github.com/cloudwego/hertz/pkg/app/client/client.go:575.3,577.15 2 1
github.com/cloudwego/hertz/pkg/app/client/client.go:559.25,562.20 2 1
github.com/cloudwego/hertz/pkg/app/client/client.go:562.20,564.35 2 1
github.com/cloudwego/hertz/pkg/app/client/client.go:564.35,566.20 2 1
github.com/cloudwego/hertz/pkg/app/client/client.go:566.20,568.7 1 0
github.com/cloudwego/hertz/pkg/app/client/client.go:572.20,574.4 1 1
github.com/cloudwego/hertz/pkg/app/client/client.go:577.15,578.9 1 1
github.com/cloudwego/hertz/pkg/app/client/client.go:583.59,585.2 1 0
github.com/cloudwego/hertz/pkg/app/client/client.go:588.60,589.15 1 1
github.com/cloudwego/hertz/pkg/app/client/client.go:596.2,597.37 2 1
github.com/cloudwego/hertz/pkg/app/client/client.go:601.2,604.21 4 1
github.com/cloudwego/hertz/pkg/app/client/client.go:608.2,608.8 1 1
github.com/cloudwego/hertz/pkg/app/client/client.go:589.15,591.17 2 1
github.com/cloudwego/hertz/pkg/app/client/client.go:591.17,593.4 1 0
github.com/cloudwego/hertz/pkg/app/client/client.go:597.37,599.3 1 1
github.com/cloudwego/hertz/pkg/app/client/client.go:604.21,606.3 1 1
github.com/cloudwego/hertz/pkg/app/client/client.go:612.62,614.23 2 1
github.com/cloudwego/hertz/pkg/app/client/client.go:617.2,623.15 2 1
github.com/cloudwego/hertz/pkg/app/client/client.go:614.23,616.3 1 1
github.com/cloudwego/hertz/pkg/app/client/client.go:626.41,629.18 2 1
github.com/cloudwego/hertz/pkg/app/client/client.go:632.2,633.31 2 1
github.com/cloudwego/hertz/pkg/app/client/client.go:629.18,631.3 1 1
github.com/cloudwego/hertz/pkg/app/client/client.go:641.49,642.29 1 1
github.com/cloudwego/hertz/pkg/app/client/client.go:645.2,646.12 2 1
github.com/cloudwego/hertz/pkg/app/client/client.go:642.29,644.3 1 1
github.com/cloudwego/hertz/pkg/app/client/client.go:652.53,656.2 3 1
github.com/cloudwego/hertz/pkg/app/client/client.go:658.63,681.2 1 1
github.com/cloudwego/hertz/pkg/app/client/middleware.go:32.42,33.38 1 1
github.com/cloudwego/hertz/pkg/app/client/middleware.go:33.38,34.38 1 1
github.com/cloudwego/hertz/pkg/app/client/middleware.go:37.3,37.14 1 1
github.com/cloudwego/hertz/pkg/app/client/middleware.go:34.38,36.4 1 1
github.com/cloudwego/hertz/pkg/app/client/option.go:32.69,33.62 1 1
github.com/cloudwego/hertz/pkg/app/client/option.go:33.62,35.3 1 1
github.com/cloudwego/hertz/pkg/app/client/option.go:39.54,40.62 1 1
github.com/cloudwego/hertz/pkg/app/client/option.go:40.62,42.3 1 1
github.com/cloudwego/hertz/pkg/app/client/option.go:46.67,47.62 1 1
github.com/cloudwego/hertz/pkg/app/client/option.go:47.62,49.3 1 1
github.com/cloudwego/hertz/pkg/app/client/option.go:53.63,54.62 1 1
github.com/cloudwego/hertz/pkg/app/client/option.go:54.62,56.3 1 1
github.com/cloudwego/hertz/pkg/app/client/option.go:60.66,61.62 1 1
github.com/cloudwego/hertz/pkg/app/client/option.go:61.62,63.3 1 1
github.com/cloudwego/hertz/pkg/app/client/option.go:67.48,68.62 1 1
github.com/cloudwego/hertz/pkg/app/client/option.go:68.62,70.3 1 1
github.com/cloudwego/hertz/pkg/app/client/option.go:74.65,75.62 1 1
github.com/cloudwego/hertz/pkg/app/client/option.go:75.62,77.3 1 1
github.com/cloudwego/hertz/pkg/app/client/option.go:81.57,82.62 1 1
github.com/cloudwego/hertz/pkg/app/client/option.go:82.62,85.3 2 1
github.com/cloudwego/hertz/pkg/app/client/option.go:89.55,90.62 1 1
github.com/cloudwego/hertz/pkg/app/client/option.go:90.62,92.3 1 1
github.com/cloudwego/hertz/pkg/app/client/option.go:96.57,97.62 1 1
github.com/cloudwego/hertz/pkg/app/client/option.go:97.62,99.3 1 1
github.com/cloudwego/hertz/pkg/app/client/option.go:103.81,104.62 1 1
github.com/cloudwego/hertz/pkg/app/client/option.go:104.62,106.3 1 1
github.com/cloudwego/hertz/pkg/app/client/option.go:110.74,111.62 1 1
github.com/cloudwego/hertz/pkg/app/client/option.go:111.62,113.3 1 1
github.com/cloudwego/hertz/pkg/app/client/option.go:117.48,118.62 1 1
github.com/cloudwego/hertz/pkg/app/client/option.go:118.62,120.3 1 1
github.com/cloudwego/hertz/pkg/app/client/option.go:124.88,125.62 1 1
github.com/cloudwego/hertz/pkg/app/client/option.go:125.62,127.3 1 1
github.com/cloudwego/hertz/pkg/app/client/option.go:131.84,132.62 1 1
github.com/cloudwego/hertz/pkg/app/client/option.go:132.62,134.3 1 1
github.com/cloudwego/hertz/pkg/app/client/option.go:137.64,147.62 3 1
github.com/cloudwego/hertz/pkg/app/client/option.go:147.62,149.3 1 1
github.com/cloudwego/hertz/pkg/app/client/option.go:153.60,154.62 1 1
github.com/cloudwego/hertz/pkg/app/client/option.go:154.62,156.3 1 1
github.com/cloudwego/hertz/pkg/app/client/option.go:163.105,164.62 1 1
github.com/cloudwego/hertz/pkg/app/client/option.go:164.62,166.24 2 1
github.com/cloudwego/hertz/pkg/app/client/option.go:166.24,168.4 1 1
github.com/cloudwego/hertz/pkg/app/client/option.go:174.86,175.62 1 1
github.com/cloudwego/hertz/pkg/app/client/option.go:175.62,177.24 2 1
github.com/cloudwego/hertz/pkg/app/client/option.go:180.3,180.47 1 1
github.com/cloudwego/hertz/pkg/app/client/option.go:177.24,179.4 1 0
github.com/cloudwego/hertz/pkg/app/client/option.go:190.141,191.23 1 1
github.com/cloudwego/hertz/pkg/app/client/option.go:194.2,194.70 1 0
github.com/cloudwego/hertz/pkg/app/client/option.go:191.23,193.3 1 1
github.com/cloudwego/hertz/pkg/app/client/option.go:197.99,202.2 1 1
github.com/cloudwego/hertz/pkg/app/server/binding/config.go:74.34,84.2 1 1
github.com/cloudwego/hertz/pkg/app/server/binding/config.go:87.100,89.18 1 1
github.com/cloudwego/hertz/pkg/app/server/binding/config.go:98.2,98.38 1 1
github.com/cloudwego/hertz/pkg/app/server/binding/config.go:101.2,102.12 2 1
github.com/cloudwego/hertz/pkg/app/server/binding/config.go:93.79,94.64 1 1
github.com/cloudwego/hertz/pkg/app/server/binding/config.go:95.19,96.66 1 0
github.com/cloudwego/hertz/pkg/app/server/binding/config.go:98.38,100.3 1 1
github.com/cloudwego/hertz/pkg/app/server/binding/config.go:106.153,108.16 2 1
github.com/cloudwego/hertz/pkg/app/server/binding/config.go:108.16,109.13 1 1
github.com/cloudwego/hertz/pkg/app/server/binding/config.go:113.47,114.144 1 1
github.com/cloudwego/hertz/pkg/app/server/binding/config.go:114.144,115.17 1 1
github.com/cloudwego/hertz/pkg/app/server/binding/config.go:118.3,119.17 2 1
github.com/cloudwego/hertz/pkg/app/server/binding/config.go:122.3,122.33 1 1
github.com/cloudwego/hertz/pkg/app/server/binding/config.go:115.17,117.4 1 0
github.com/cloudwego/hertz/pkg/app/server/binding/config.go:119.17,121.4 1 0
github.com/cloudwego/hertz/pkg/app/server/binding/config.go:130.99,132.2 1 1
github.com/cloudwego/hertz/pkg/app/server/binding/config.go:139.51,141.2 1 1
github.com/cloudwego/hertz/pkg/app/server/binding/config.go:150.42,152.2 1 1
github.com/cloudwego/hertz/pkg/app/server/binding/config.go:159.119,161.2 1 0
github.com/cloudwego/hertz/pkg/app/server/binding/config.go:164.87,166.2 1 1
github.com/cloudwego/hertz/pkg/app/server/binding/config.go:169.59,171.2 1 0
github.com/cloudwego/hertz/pkg/app/server/binding/default.go:99.29,101.2 1 1
github.com/cloudwego/hertz/pkg/app/server/binding/default.go:112.50,113.19 1 1
github.com/cloudwego/hertz/pkg/app/server/binding/default.go:120.2,121.29 2 1
github.com/cloudwego/hertz/pkg/app/server/binding/default.go:124.2,126.3 1 1
github.com/cloudwego/hertz/pkg/app/server/binding/default.go:113.19,119.3 3 1
github.com/cloudwego/hertz/pkg/app/server/binding/default.go:121.29,123.3 1 1
github.com/cloudwego/hertz/pkg/app/server/binding/default.go:133.93,135.2 1 1
github.com/cloudwego/hertz/pkg/app/server/binding/default.go:141.82,143.2 1 1
github.com/cloudwego/hertz/pkg/app/server/binding/default.go:150.38,152.2 1 1
github.com/cloudwego/hertz/pkg/app/server/binding/default.go:154.56,155.13 1 1
github.com/cloudwego/hertz/pkg/app/server/binding/default.go:156.16,157.30 1 1
github.com/cloudwego/hertz/pkg/app/server/binding/default.go:158.17,159.31 1 1
github.com/cloudwego/hertz/pkg/app/server/binding/default.go:160.15,161.29 1 1
github.com/cloudwego/hertz/pkg/app/server/binding/default.go:162.15,163.29 1 1
github.com/cloudwego/hertz/pkg/app/server/binding/default.go:164.10,165.25 1 1
github.com/cloudwego/hertz/pkg/app/server/binding/default.go:169.110,171.41 2 1
github.com/cloudwego/hertz/pkg/app/server/binding/default.go:174.2,175.33 2 1
github.com/cloudwego/hertz/pkg/app/server/binding/default.go:179.2,179.19 1 1
github.com/cloudwego/hertz/pkg/app/server/binding/default.go:185.2,187.8 3 1
github.com/cloudwego/hertz/pkg/app/server/binding/default.go:192.2,193.48 2 1
github.com/cloudwego/hertz/pkg/app/server/binding/default.go:196.2,206.16 3 1
github.com/cloudwego/hertz/pkg/app/server/binding/default.go:210.2,211.40 2 1
github.com/cloudwego/hertz/pkg/app/server/binding/default.go:171.41,173.3 1 1
github.com/cloudwego/hertz/pkg/app/server/binding/default.go:175.33,177.3 1 1
github.com/cloudwego/hertz/pkg/app/server/binding/default.go:179.19,181.17 2 1
github.com/cloudwego/hertz/pkg/app/server/binding/default.go:181.17,183.4 1 1
github.com/cloudwego/hertz/pkg/app/server/binding/default.go:187.8,191.3 2 1
github.com/cloudwego/hertz/pkg/app/server/binding/default.go:193.48,195.3 1 1
github.com/cloudwego/hertz/pkg/app/server/binding/default.go:206.16,208.3 1 0
github.com/cloudwego/hertz/pkg/app/server/binding/default.go:214.122,216.41 2 1
github.com/cloudwego/hertz/pkg/app/server/binding/default.go:219.2,220.33 2 1
github.com/cloudwego/hertz/pkg/app/server/binding/default.go:224.2,225.16 2 1
github.com/cloudwego/hertz/pkg/app/server/binding/default.go:228.2,230.8 3 1
github.com/cloudwego/hertz/pkg/app/server/binding/default.go:242.2,243.48 2 1
github.com/cloudwego/hertz/pkg/app/server/binding/default.go:246.2,256.16 3 1
github.com/cloudwego/hertz/pkg/app/server/binding/default.go:260.2,262.16 3 1
github.com/cloudwego/hertz/pkg/app/server/binding/default.go:265.2,265.18 1 1
github.com/cloudwego/hertz/pkg/app/server/binding/default.go:268.2,268.12 1 1
github.com/cloudwego/hertz/pkg/app/server/binding/default.go:216.41,218.3 1 1
github.com/cloudwego/hertz/pkg/app/server/binding/default.go:220.33,222.3 1 1
github.com/cloudwego/hertz/pkg/app/server/binding/default.go:225.16,227.3 1 1
github.com/cloudwego/hertz/pkg/app/server/binding/default.go:230.8,234.17 3 1
github.com/cloudwego/hertz/pkg/app/server/binding/default.go:237.3,237.27 1 1
github.com/cloudwego/hertz/pkg/app/server/binding/default.go:240.3,240.13 1 1
github.com/cloudwego/hertz/pkg/app/server/binding/default.go:234.17,236.4 1 0
github.com/cloudwego/hertz/pkg/app/server/binding/default.go:237.27,239.4 1 1
github.com/cloudwego/hertz/pkg/app/server/binding/default.go:243.48,245.3 1 1
github.com/cloudwego/hertz/pkg/app/server/binding/default.go:256.16,258.3 1 0
github.com/cloudwego/hertz/pkg/app/server/binding/default.go:262.16,264.3 1 0
github.com/cloudwego/hertz/pkg/app/server/binding/default.go:265.18,267.3 1 1
github.com/cloudwego/hertz/pkg/app/server/binding/default.go:271.79,273.2 1 1
github.com/cloudwego/hertz/pkg/app/server/binding/default.go:275.80,277.2 1 1
github.com/cloudwego/hertz/pkg/app/server/binding/default.go:279.99,281.2 1 1
github.com/cloudwego/hertz/pkg/app/server/binding/default.go:283.78,285.2 1 1
github.com/cloudwego/hertz/pkg/app/server/binding/default.go:287.78,289.2 1 1
github.com/cloudwego/hertz/pkg/app/server/binding/default.go:291.72,293.37 2 1
github.com/cloudwego/hertz/pkg/app/server/binding/default.go:296.2,296.49 1 1
github.com/cloudwego/hertz/pkg/app/server/binding/default.go:300.2,300.28 1 1
github.com/cloudwego/hertz/pkg/app/server/binding/default.go:293.37,295.3 1 1
github.com/cloudwego/hertz/pkg/app/server/binding/default.go:296.49,298.3 1 1
github.com/cloudwego/hertz/pkg/app/server/binding/default.go:303.82,305.9 2 1
github.com/cloudwego/hertz/pkg/app/server/binding/default.go:308.2,308.41 1 1
github.com/cloudwego/hertz/pkg/app/server/binding/default.go:305.9,307.3 1 0
github.com/cloudwego/hertz/pkg/app/server/binding/default.go:311.39,313.2 1 0
github.com/cloudwego/hertz/pkg/app/server/binding/default.go:315.106,317.2 1 1
github.com/cloudwego/hertz/pkg/app/server/binding/default.go:319.95,321.2 1 1
github.com/cloudwego/hertz/pkg/app/server/binding/default.go:324.81,325.37 1 1
github.com/cloudwego/hertz/pkg/app/server/binding/default.go:328.2,329.54 2 1
github.com/cloudwego/hertz/pkg/app/server/binding/default.go:325.37,327.3 1 1
github.com/cloudwego/hertz/pkg/app/server/binding/default.go:330.34,331.40 1 1
github.com/cloudwego/hertz/pkg/app/server/binding/default.go:332.27,334.10 2 1
github.com/cloudwego/hertz/pkg/app/server/binding/default.go:337.3,337.42 1 1
github.com/cloudwego/hertz/pkg/app/server/binding/default.go:338.10,339.13 1 1
github.com/cloudwego/hertz/pkg/app/server/binding/default.go:334.10,336.4 1 0
github.com/cloudwego/hertz/pkg/app/server/binding/default.go:343.89,345.54 2 1
github.com/cloudwego/hertz/pkg/app/server/binding/default.go:382.2,382.8 1 1
github.com/cloudwego/hertz/pkg/app/server/binding/default.go:346.34,347.39 1 1
github.com/cloudwego/hertz/pkg/app/server/binding/default.go:348.27,350.10 2 0
github.com/cloudwego/hertz/pkg/app/server/binding/default.go:353.3,353.41 1 0
github.com/cloudwego/hertz/pkg/app/server/binding/default.go:354.36,357.37 3 0
github.com/cloudwego/hertz/pkg/app/server/binding/default.go:364.3,365.30 2 0
github.com/cloudwego/hertz/pkg/app/server/binding/default.go:366.38,368.55 2 1
github.com/cloudwego/hertz/pkg/app/server/binding/default.go:371.3,372.30 2 1
github.com/cloudwego/hertz/pkg/app/server/binding/default.go:373.10,376.63 2 1
github.com/cloudwego/hertz/pkg/app/server/binding/default.go:379.3,380.30 2 1
github.com/cloudwego/hertz/pkg/app/server/binding/default.go:350.10,352.4 1 0
github.com/cloudwego/hertz/pkg/app/server/binding/default.go:357.37,358.31 1 0
github.com/cloudwego/hertz/pkg/app/server/binding/default.go:358.31,359.26 1 0
github.com/cloudwego/hertz/pkg/app/server/binding/default.go:359.26,361.6 1 0
github.com/cloudwego/hertz/pkg/app/server/binding/default.go:368.55,370.4 1 1
github.com/cloudwego/hertz/pkg/app/server/binding/default.go:376.63,378.4 1 1
github.com/cloudwego/hertz/pkg/app/server/binding/default.go:392.59,394.51 2 1
github.com/cloudwego/hertz/pkg/app/server/binding/default.go:397.2,398.47 2 1
github.com/cloudwego/hertz/pkg/app/server/binding/default.go:401.2,404.3 1 1
github.com/cloudwego/hertz/pkg/app/server/binding/default.go:394.51,396.3 1 1
github.com/cloudwego/hertz/pkg/app/server/binding/default.go:398.47,400.3 1 1
github.com/cloudwego/hertz/pkg/app/server/binding/default.go:413.40,414.17 1 0
github.com/cloudwego/hertz/pkg/app/server/binding/default.go:417.2,417.43 1 0
github.com/cloudwego/hertz/pkg/app/server/binding/default.go:414.17,416.3 1 0
github.com/cloudwego/hertz/pkg/app/server/binding/default.go:420.62,425.2 1 1
github.com/cloudwego/hertz/pkg/app/server/binding/default.go:428.59,429.16 1 1
github.com/cloudwego/hertz/pkg/app/server/binding/default.go:432.2,432.33 1 1
github.com/cloudwego/hertz/pkg/app/server/binding/default.go:429.16,431.3 1 0
github.com/cloudwego/hertz/pkg/app/server/binding/default.go:436.42,438.2 1 0
github.com/cloudwego/hertz/pkg/app/server/binding/default.go:440.42,442.2 1 1
github.com/cloudwego/hertz/pkg/app/server/binding/default.go:446.41,448.2 1 1
github.com/cloudwego/hertz/pkg/app/server/binding/reflect.go:49.61,53.2 3 1
github.com/cloudwego/hertz/pkg/app/server/binding/reflect.go:60.43,61.44 1 1
github.com/cloudwego/hertz/pkg/app/server/binding/reflect.go:64.2,64.12 1 1
github.com/cloudwego/hertz/pkg/app/server/binding/reflect.go:61.44,63.3 1 1
github.com/cloudwego/hertz/pkg/app/server/binding/reflect.go:67.52,69.31 2 1
github.com/cloudwego/hertz/pkg/app/server/binding/reflect.go:72.2,72.11 1 1
github.com/cloudwego/hertz/pkg/app/server/binding/reflect.go:69.31,71.3 1 1
github.com/cloudwego/hertz/pkg/app/server/registry/registry.go:50.45,52.2 1 1
github.com/cloudwego/hertz/pkg/app/server/registry/registry.go:54.47,56.2 1 1
github.com/cloudwego/hertz/pkg/app/server/render/html.go:85.72,91.2 1 1
github.com/cloudwego/hertz/pkg/app/server/render/html.go:93.39,95.2 1 1
github.com/cloudwego/hertz/pkg/app/server/render/html.go:98.53,101.18 2 1
github.com/cloudwego/hertz/pkg/app/server/render/html.go:104.2,104.70 1 1
github.com/cloudwego/hertz/pkg/app/server/render/html.go:101.18,103.3 1 0
github.com/cloudwego/hertz/pkg/app/server/render/html.go:108.57,110.2 1 1
github.com/cloudwego/hertz/pkg/app/server/render/html.go:125.68,126.14 1 1
github.com/cloudwego/hertz/pkg/app/server/render/html.go:130.2,130.9 1 1
github.com/cloudwego/hertz/pkg/app/server/render/html.go:136.2,140.3 1 1
github.com/cloudwego/hertz/pkg/app/server/render/html.go:126.14,128.3 1 1
github.com/cloudwego/hertz/pkg/app/server/render/html.go:131.20,132.13 1 0
github.com/cloudwego/hertz/pkg/app/server/render/html.go:133.10,133.10 0 1
github.com/cloudwego/hertz/pkg/app/server/render/html.go:143.35,144.22 1 1
github.com/cloudwego/hertz/pkg/app/server/render/html.go:147.2,147.26 1 1
github.com/cloudwego/hertz/pkg/app/server/render/html.go:144.22,146.3 1 0
github.com/cloudwego/hertz/pkg/app/server/render/html.go:150.30,155.2 1 1
github.com/cloudwego/hertz/pkg/app/server/render/html.go:157.36,160.27 2 1
github.com/cloudwego/hertz/pkg/app/server/render/html.go:172.2,173.16 2 1
github.com/cloudwego/hertz/pkg/app/server/render/html.go:176.2,177.28 2 1
github.com/cloudwego/hertz/pkg/app/server/render/html.go:186.2,186.12 1 1
github.com/cloudwego/hertz/pkg/app/server/render/html.go:160.27,161.13 1 1
github.com/cloudwego/hertz/pkg/app/server/render/html.go:169.3,169.9 1 1
github.com/cloudwego/hertz/pkg/app/server/render/html.go:161.13,163.43 2 1
github.com/cloudwego/hertz/pkg/app/server/render/html.go:163.43,167.5 3 1
github.com/cloudwego/hertz/pkg/app/server/render/html.go:173.16,175.3 1 0
github.com/cloudwego/hertz/pkg/app/server/render/html.go:177.28,180.17 3 1
github.com/cloudwego/hertz/pkg/app/server/render/html.go:180.17,182.4 1 0
github.com/cloudwego/hertz/pkg/app/server/render/html.go:186.12,188.7 2 1
github.com/cloudwego/hertz/pkg/app/server/render/html.go:188.7,189.11 1 1
github.com/cloudwego/hertz/pkg/app/server/render/html.go:190.39,191.12 1 1
github.com/cloudwego/hertz/pkg/app/server/render/html.go:194.5,194.50 1 1
github.com/cloudwego/hertz/pkg/app/server/render/html.go:199.37,200.12 1 0
github.com/cloudwego/hertz/pkg/app/server/render/html.go:203.5,203.92 1 0
github.com/cloudwego/hertz/pkg/app/server/render/html.go:191.12,193.6 1 1
github.com/cloudwego/hertz/pkg/app/server/render/html.go:194.50,198.6 3 1
github.com/cloudwego/hertz/pkg/app/server/render/html.go:200.12,202.6 1 0
github.com/cloudwego/hertz/pkg/app/server/render/json.go:57.13,59.2 1 1
github.com/cloudwego/hertz/pkg/app/server/render/json.go:61.41,63.2 1 1
github.com/cloudwego/hertz/pkg/app/server/render/json.go:65.28,67.2 1 1
github.com/cloudwego/hertz/pkg/app/server/render/json.go:77.59,80.16 3 1
github.com/cloudwego/hertz/pkg/app/server/render/json.go:84.2,85.12 2 1
github.com/cloudwego/hertz/pkg/app/server/render/json.go:80.16,82.3 1 1
github.com/cloudwego/hertz/pkg/app/server/render/json.go:89.63,91.2 1 1
github.com/cloudwego/hertz/pkg/app/server/render/json.go:99.63,105.16 6 1
github.com/cloudwego/hertz/pkg/app/server/render/json.go:108.2,109.8 2 1
github.com/cloudwego/hertz/pkg/app/server/render/json.go:105.16,107.3 1 1
github.com/cloudwego/hertz/pkg/app/server/render/json.go:113.61,115.2 1 1
github.com/cloudwego/hertz/pkg/app/server/render/json.go:123.67,126.16 3 1
github.com/cloudwego/hertz/pkg/app/server/render/json.go:129.2,131.16 3 1
github.com/cloudwego/hertz/pkg/app/server/render/json.go:134.2,135.12 2 1
github.com/cloudwego/hertz/pkg/app/server/render/json.go:126.16,128.3 1 1
github.com/cloudwego/hertz/pkg/app/server/render/json.go:131.16,133.3 1 0
github.com/cloudwego/hertz/pkg/app/server/render/json.go:139.65,141.2 1 1
github.com/cloudwego/hertz/pkg/app/server/render/protobuf.go:57.57,60.16 3 1
github.com/cloudwego/hertz/pkg/app/server/render/protobuf.go:64.2,65.12 2 1
github.com/cloudwego/hertz/pkg/app/server/render/protobuf.go:60.16,62.3 1 1
github.com/cloudwego/hertz/pkg/app/server/render/protobuf.go:69.61,71.2 1 1
[...]
github.com/cloudwego/hertz/pkg/route/engine.go:780.4,780.111 1 1
github.com/cloudwego/hertz/pkg/route/engine.go:776.57,779.5 2 1
github.com/cloudwego/hertz/pkg/route/engine.go:780.111,782.5 1 1
github.com/cloudwego/hertz/pkg/route/engine.go:787.43,788.37 1 1
github.com/cloudwego/hertz/pkg/route/engine.go:788.37,789.33 1 1
github.com/cloudwego/hertz/pkg/route/engine.go:792.4,792.81 1 1
github.com/cloudwego/hertz/pkg/route/engine.go:789.33,790.13 1 1
github.com/cloudwego/hertz/pkg/route/engine.go:792.81,796.5 3 1
github.com/cloudwego/hertz/pkg/route/engine.go:803.61,810.2 6 1
github.com/cloudwego/hertz/pkg/route/engine.go:812.94,815.39 3 1
github.com/cloudwego/hertz/pkg/route/engine.go:815.39,817.65 1 1
github.com/cloudwego/hertz/pkg/route/engine.go:820.3,821.39 2 1
github.com/cloudwego/hertz/pkg/route/engine.go:817.65,819.4 1 0
github.com/cloudwego/hertz/pkg/route/engine.go:825.41,827.58 2 1
github.com/cloudwego/hertz/pkg/route/engine.go:830.2,830.15 1 1
github.com/cloudwego/hertz/pkg/route/engine.go:827.58,829.3 1 1
github.com/cloudwego/hertz/pkg/route/engine.go:833.51,835.106 2 1
github.com/cloudwego/hertz/pkg/route/engine.go:839.2,843.20 3 1
github.com/cloudwego/hertz/pkg/route/engine.go:847.2,848.20 2 1
github.com/cloudwego/hertz/pkg/route/engine.go:835.106,837.3 1 1
github.com/cloudwego/hertz/pkg/route/engine.go:843.20,845.3 1 1
github.com/cloudwego/hertz/pkg/route/engine.go:851.45,853.66 2 1
github.com/cloudwego/hertz/pkg/route/engine.go:857.2,857.48 1 1
github.com/cloudwego/hertz/pkg/route/engine.go:853.66,855.3 1 1
github.com/cloudwego/hertz/pkg/route/engine.go:860.84,862.94 2 1
github.com/cloudwego/hertz/pkg/route/engine.go:867.2,867.14 1 1
github.com/cloudwego/hertz/pkg/route/engine.go:862.94,866.3 3 1
github.com/cloudwego/hertz/pkg/route/engine.go:871.60,874.2 2 1
github.com/cloudwego/hertz/pkg/route/engine.go:877.61,880.2 2 1
github.com/cloudwego/hertz/pkg/route/engine.go:882.44,884.2 1 1
github.com/cloudwego/hertz/pkg/route/engine.go:886.44,888.2 1 1
github.com/cloudwego/hertz/pkg/route/engine.go:894.66,899.2 4 1
github.com/cloudwego/hertz/pkg/route/engine.go:903.52,909.37 2 1
github.com/cloudwego/hertz/pkg/route/engine.go:919.2,919.30 1 1
github.com/cloudwego/hertz/pkg/route/engine.go:909.37,911.17 2 1
github.com/cloudwego/hertz/pkg/route/engine.go:915.3,916.9 2 1
github.com/cloudwego/hertz/pkg/route/engine.go:911.17,914.4 2 0
github.com/cloudwego/hertz/pkg/route/engine.go:924.54,930.37 2 1
github.com/cloudwego/hertz/pkg/route/engine.go:935.2,935.30 1 0
github.com/cloudwego/hertz/pkg/route/engine.go:930.37,933.3 2 1
github.com/cloudwego/hertz/pkg/route/engine.go:939.64,941.2 1 1
github.com/cloudwego/hertz/pkg/route/engine.go:944.90,952.2 1 1
github.com/cloudwego/hertz/pkg/route/engine.go:955.60,957.2 1 1
github.com/cloudwego/hertz/pkg/route/engine.go:959.55,961.2 1 1
github.com/cloudwego/hertz/pkg/route/engine.go:963.61,965.2 1 1
github.com/cloudwego/hertz/pkg/route/engine.go:968.58,971.2 2 1
github.com/cloudwego/hertz/pkg/route/engine.go:973.69,974.29 1 1
github.com/cloudwego/hertz/pkg/route/engine.go:980.2,981.14 2 1
github.com/cloudwego/hertz/pkg/route/engine.go:987.2,989.12 3 0
github.com/cloudwego/hertz/pkg/route/engine.go:974.29,979.3 1 1
github.com/cloudwego/hertz/pkg/route/engine.go:981.14,986.3 1 1
github.com/cloudwego/hertz/pkg/route/engine.go:992.58,993.29 1 0
github.com/cloudwego/hertz/pkg/route/engine.go:996.2,997.32 2 0
github.com/cloudwego/hertz/pkg/route/engine.go:993.29,995.3 1 0
github.com/cloudwego/hertz/pkg/route/engine.go:1000.78,1004.31 3 0
github.com/cloudwego/hertz/pkg/route/engine.go:1004.31,1007.3 2 0
github.com/cloudwego/hertz/pkg/route/engine.go:1012.52,1013.36 1 1
github.com/cloudwego/hertz/pkg/route/engine.go:1017.2,1017.15 1 1
github.com/cloudwego/hertz/pkg/route/engine.go:1013.36,1015.3 1 1
github.com/cloudwego/hertz/pkg/route/engine.go:1020.73,1022.2 1 1
github.com/cloudwego/hertz/pkg/route/engine.go:1025.75,1027.2 1 0
github.com/cloudwego/hertz/pkg/route/engine.go:1029.51,1031.2 1 1
github.com/cloudwego/hertz/pkg/route/engine.go:1034.71,1035.28 1 1
github.com/cloudwego/hertz/pkg/route/engine.go:1045.2,1045.38 1 1
github.com/cloudwego/hertz/pkg/route/engine.go:1049.2,1049.28 1 1
github.com/cloudwego/hertz/pkg/route/engine.go:1053.2,1053.26 1 1
github.com/cloudwego/hertz/pkg/route/engine.go:1056.2,1056.15 1 1
github.com/cloudwego/hertz/pkg/route/engine.go:1035.28,1043.3 2 1
github.com/cloudwego/hertz/pkg/route/engine.go:1045.38,1047.3 1 1
github.com/cloudwego/hertz/pkg/route/engine.go:1049.28,1051.3 1 1
github.com/cloudwego/hertz/pkg/route/engine.go:1053.26,1055.3 1 1
github.com/cloudwego/hertz/pkg/route/engine.go:1060.61,1082.71 2 1
github.com/cloudwego/hertz/pkg/route/engine.go:1085.2,1085.12 1 1
github.com/cloudwego/hertz/pkg/route/engine.go:1082.71,1084.3 1 1
github.com/cloudwego/hertz/pkg/route/engine.go:1088.37,1089.52 1 1
github.com/cloudwego/hertz/pkg/route/engine.go:1092.2,1092.60 1 0
github.com/cloudwego/hertz/pkg/route/engine.go:1095.2,1095.11 1 0
github.com/cloudwego/hertz/pkg/route/engine.go:1089.52,1091.3 1 1
github.com/cloudwego/hertz/pkg/route/engine.go:1092.60,1094.3 1 0
github.com/cloudwego/hertz/pkg/route/engine.go:1100.51,1101.84 1 1
github.com/cloudwego/hertz/pkg/route/engine.go:1104.2,1104.12 1 1
github.com/cloudwego/hertz/pkg/route/engine.go:1101.84,1103.3 1 0
github.com/cloudwego/hertz/pkg/route/routergroup.go:89.70,92.2 2 1
github.com/cloudwego/hertz/pkg/route/routergroup.go:96.96,102.2 1 1
github.com/cloudwego/hertz/pkg/route/routergroup.go:106.45,108.2 1 1
github.com/cloudwego/hertz/pkg/route/routergroup.go:110.103,115.2 4 1
github.com/cloudwego/hertz/pkg/route/routergroup.go:129.104,130.65 1 1
github.com/cloudwego/hertz/pkg/route/routergroup.go:133.2,133.57 1 1
github.com/cloudwego/hertz/pkg/route/routergroup.go:130.65,131.55 1 1
github.com/cloudwego/hertz/pkg/route/routergroup.go:137.90,139.2 1 1
github.com/cloudwego/hertz/pkg/route/routergroup.go:142.89,144.2 1 1
github.com/cloudwego/hertz/pkg/route/routergroup.go:147.92,149.2 1 1
github.com/cloudwego/hertz/pkg/route/routergroup.go:152.91,154.2 1 1
github.com/cloudwego/hertz/pkg/route/routergroup.go:157.89,159.2 1 1
github.com/cloudwego/hertz/pkg/route/routergroup.go:162.93,164.2 1 1
github.com/cloudwego/hertz/pkg/route/routergroup.go:167.90,169.2 1 1
github.com/cloudwego/hertz/pkg/route/routergroup.go:173.89,184.2 10 1
github.com/cloudwego/hertz/pkg/route/routergroup.go:188.77,189.80 1 1
github.com/cloudwego/hertz/pkg/route/routergroup.go:192.2,192.62 1 1
github.com/cloudwego/hertz/pkg/route/routergroup.go:195.2,197.26 3 1
github.com/cloudwego/hertz/pkg/route/routergroup.go:189.80,190.69 1 1
github.com/cloudwego/hertz/pkg/route/routergroup.go:192.62,194.3 1 1
github.com/cloudwego/hertz/pkg/route/routergroup.go:205.69,207.2 1 1
github.com/cloudwego/hertz/pkg/route/routergroup.go:210.77,211.80 1 1
github.com/cloudwego/hertz/pkg/route/routergroup.go:214.2,220.26 5 1
github.com/cloudwego/hertz/pkg/route/routergroup.go:211.80,212.71 1 1
github.com/cloudwego/hertz/pkg/route/routergroup.go:223.89,225.42 2 1
github.com/cloudwego/hertz/pkg/route/routergroup.go:228.2,231.23 4 1
github.com/cloudwego/hertz/pkg/route/routergroup.go:225.42,226.29 1 1
github.com/cloudwego/hertz/pkg/route/routergroup.go:234.77,236.2 1 1
github.com/cloudwego/hertz/pkg/route/routergroup.go:238.47,239.16 1 1
github.com/cloudwego/hertz/pkg/route/routergroup.go:242.2,242.14 1 1
github.com/cloudwego/hertz/pkg/route/routergroup.go:239.16,241.3 1 1
github.com/cloudwego/hertz/pkg/route/routergroup.go:247.107,250.2 2 0
github.com/cloudwego/hertz/pkg/route/routergroup.go:254.108,257.2 2 0
github.com/cloudwego/hertz/pkg/route/routergroup.go:261.107,264.2 2 0
github.com/cloudwego/hertz/pkg/route/routergroup.go:268.110,271.2 2 0
github.com/cloudwego/hertz/pkg/route/routergroup.go:275.108,278.2 2 0
github.com/cloudwego/hertz/pkg/route/routergroup.go:282.107,285.2 2 0
github.com/cloudwego/hertz/pkg/route/routergroup.go:289.122,292.2 2 0
github.com/cloudwego/hertz/pkg/route/routergroup.go:294.58,295.24 1 1
github.com/cloudwego/hertz/pkg/route/routergroup.go:299.2,301.17 3 1
github.com/cloudwego/hertz/pkg/route/routergroup.go:304.2,304.18 1 1
github.com/cloudwego/hertz/pkg/route/routergroup.go:295.24,297.3 1 0
github.com/cloudwego/hertz/pkg/route/routergroup.go:301.17,303.3 1 1
github.com/cloudwego/hertz/pkg/route/routergroup.go:307.33,308.15 1 1
github.com/cloudwego/hertz/pkg/route/routergroup.go:311.2,311.24 1 1
github.com/cloudwego/hertz/pkg/route/routergroup.go:308.15,309.47 1 0
github.com/cloudwego/hertz/pkg/route/tree.go:65.53,66.29 1 1
github.com/cloudwego/hertz/pkg/route/tree.go:71.2,71.12 1 1
github.com/cloudwego/hertz/pkg/route/tree.go:66.29,67.28 1 1
github.com/cloudwego/hertz/pkg/route/tree.go:67.28,69.4 1 1
github.com/cloudwego/hertz/pkg/route/tree.go:74.38,80.2 5 1
github.com/cloudwego/hertz/pkg/route/tree.go:116.34,117.23 1 1
github.com/cloudwego/hertz/pkg/route/tree.go:120.2,120.20 1 1
github.com/cloudwego/hertz/pkg/route/tree.go:123.2,123.33 1 1
github.com/cloudwego/hertz/pkg/route/tree.go:117.23,118.22 1 1
github.com/cloudwego/hertz/pkg/route/tree.go:120.20,121.36 1 1
github.com/cloudwego/hertz/pkg/route/tree.go:123.33,124.12 1 1
github.com/cloudwego/hertz/pkg/route/tree.go:125.12,126.67 1 1
github.com/cloudwego/hertz/pkg/route/tree.go:129.4,130.47 2 1
github.com/cloudwego/hertz/pkg/route/tree.go:135.12,136.24 1 1
github.com/cloudwego/hertz/pkg/route/tree.go:139.4,139.33 1 1
github.com/cloudwego/hertz/pkg/route/tree.go:142.4,142.29 1 1
github.com/cloudwego/hertz/pkg/route/tree.go:126.67,127.82 1 1
github.com/cloudwego/hertz/pkg/route/tree.go:130.47,131.41 1 1
github.com/cloudwego/hertz/pkg/route/tree.go:131.41,132.95 1 1
github.com/cloudwego/hertz/pkg/route/tree.go:136.24,137.82 1 1
github.com/cloudwego/hertz/pkg/route/tree.go:139.33,140.52 1 1
github.com/cloudwego/hertz/pkg/route/tree.go:142.29,143.23 1 1
github.com/cloudwego/hertz/pkg/route/tree.go:143.23,144.94 1 1
github.com/cloudwego/hertz/pkg/route/tree.go:152.61,160.14 3 1
github.com/cloudwego/hertz/pkg/route/tree.go:165.2,165.53 1 1
github.com/cloudwego/hertz/pkg/route/tree.go:193.2,193.41 1 1
github.com/cloudwego/hertz/pkg/route/tree.go:160.14,161.72 1 0
github.com/cloudwego/hertz/pkg/route/tree.go:165.53,167.28 1 1
github.com/cloudwego/hertz/pkg/route/tree.go:167.28,171.46 3 1
github.com/cloudwego/hertz/pkg/route/tree.go:174.4,178.21 4 1
github.com/cloudwego/hertz/pkg/route/tree.go:171.47,172.5 0 1
github.com/cloudwego/hertz/pkg/route/tree.go:178.21,182.5 2 1
github.com/cloudwego/hertz/pkg/route/tree.go:182.10,184.5 1 1
github.com/cloudwego/hertz/pkg/route/tree.go:185.9,185.33 1 1
github.com/cloudwego/hertz/pkg/route/tree.go:185.33,190.4 4 1
github.com/cloudwego/hertz/pkg/route/tree.go:196.98,198.24 2 1
github.com/cloudwego/hertz/pkg/route/tree.go:201.2,203.6 2 1
github.com/cloudwego/hertz/pkg/route/tree.go:198.24,199.31 1 0
github.com/cloudwego/hertz/pkg/route/tree.go:203.6,209.22 5 1
github.com/cloudwego/hertz/pkg/route/tree.go:212.3,212.80 1 1
github.com/cloudwego/hertz/pkg/route/tree.go:215.3,215.18 1 1
github.com/cloudwego/hertz/pkg/route/tree.go:309.3,309.9 1 1
github.com/cloudwego/hertz/pkg/route/tree.go:209.22,211.4 1 1
github.com/cloudwego/hertz/pkg/route/tree.go:212.81,213.4 0 1
github.com/cloudwego/hertz/pkg/route/tree.go:215.18,219.16 3 1
github.com/cloudwego/hertz/pkg/route/tree.go:225.4,225.116 1 1
github.com/cloudwego/hertz/pkg/route/tree.go:219.16,224.5 4 1
github.com/cloudwego/hertz/pkg/route/tree.go:226.9,226.32 1 1
github.com/cloudwego/hertz/pkg/route/tree.go:226.32,240.47 2 1
github.com/cloudwego/hertz/pkg/route/tree.go:243.4,243.37 1 1
github.com/cloudwego/hertz/pkg/route/tree.go:246.4,246.35 1 1
github.com/cloudwego/hertz/pkg/route/tree.go:251.4,265.27 12 1
github.com/cloudwego/hertz/pkg/route/tree.go:277.4,277.116 1 1
github.com/cloudwego/hertz/pkg/route/tree.go:240.47,242.5 1 1
github.com/cloudwego/hertz/pkg/route/tree.go:243.37,245.5 1 1
github.com/cloudwego/hertz/pkg/route/tree.go:246.35,248.5 1 1
github.com/cloudwego/hertz/pkg/route/tree.go:265.27,271.5 4 1
github.com/cloudwego/hertz/pkg/route/tree.go:271.10,276.5 2 1
github.com/cloudwego/hertz/pkg/route/tree.go:278.9,278.32 1 1
github.com/cloudwego/hertz/pkg/route/tree.go:278.32,281.16 3 1
github.com/cloudwego/hertz/pkg/route/tree.go:287.4,288.13 2 1
github.com/cloudwego/hertz/pkg/route/tree.go:296.4,296.116 1 1
github.com/cloudwego/hertz/pkg/route/tree.go:281.16,284.13 2 1
github.com/cloudwego/hertz/pkg/route/tree.go:289.15,290.59 1 1
github.com/cloudwego/hertz/pkg/route/tree.go:291.15,292.31 1 1
github.com/cloudwego/hertz/pkg/route/tree.go:293.15,294.29 1 1
github.com/cloudwego/hertz/pkg/route/tree.go:297.9,299.47 1 1
github.com/cloudwego/hertz/pkg/route/tree.go:303.4,303.16 1 1
github.com/cloudwego/hertz/pkg/route/tree.go:299.47,300.70 1 1
github.com/cloudwego/hertz/pkg/route/tree.go:303.16,307.5 3 1
github.com/cloudwego/hertz/pkg/route/tree.go:314.96,323.81 2 1
github.com/cloudwego/hertz/pkg/route/tree.go:355.2,355.6 1 1
github.com/cloudwego/hertz/pkg/route/tree.go:465.2,465.15 1 1
github.com/cloudwego/hertz/pkg/route/tree.go:472.2,472.8 1 1
github.com/cloudwego/hertz/pkg/route/tree.go:323.81,329.29 4 1
github.com/cloudwego/hertz/pkg/route/tree.go:335.3,335.24 1 1
github.com/cloudwego/hertz/pkg/route/tree.go:341.3,341.29 1 1
github.com/cloudwego/hertz/pkg/route/tree.go:350.3,351.9 2 1
github.com/cloudwego/hertz/pkg/route/tree.go:329.29,331.4 1 0
github.com/cloudwego/hertz/pkg/route/tree.go:331.9,333.4 1 1
github.com/cloudwego/hertz/pkg/route/tree.go:335.24,338.4 1 1
github.com/cloudwego/hertz/pkg/route/tree.go:341.29,343.4 1 1
github.com/cloudwego/hertz/pkg/route/tree.go:343.9,349.4 3 1
github.com/cloudwego/hertz/pkg/route/tree.go:355.6,356.23 1 1
github.com/cloudwego/hertz/pkg/route/tree.go:379.3,379.51 1 1
github.com/cloudwego/hertz/pkg/route/tree.go:385.3,385.26 1 1
github.com/cloudwego/hertz/pkg/route/tree.go:396.3,396.26 1 1
github.com/cloudwego/hertz/pkg/route/tree.go:404.3,404.66 1 1
github.com/cloudwego/hertz/pkg/route/tree.go:430.3,430.41 1 1
github.com/cloudwego/hertz/pkg/route/tree.go:452.3,453.10 2 1
github.com/cloudwego/hertz/pkg/route/tree.go:356.23,357.77 1 1
github.com/cloudwego/hertz/pkg/route/tree.go:357.77,361.5 2 1
github.com/cloudwego/hertz/pkg/route/tree.go:361.10,364.121 1 1
github.com/cloudwego/hertz/pkg/route/tree.go:368.5,369.12 2 1
github.com/cloudwego/hertz/pkg/route/tree.go:364.121,366.6 1 1
github.com/cloudwego/hertz/pkg/route/tree.go:369.12,371.6 1 1
github.com/cloudwego/hertz/pkg/route/tree.go:371.11,371.27 1 1
github.com/cloudwego/hertz/pkg/route/tree.go:371.27,372.16 1 1
github.com/cloudwego/hertz/pkg/route/tree.go:373.11,375.11 1 0
github.com/cloudwego/hertz/pkg/route/tree.go:379.51,381.9 2 1
github.com/cloudwego/hertz/pkg/route/tree.go:385.26,387.43 1 1
github.com/cloudwego/hertz/pkg/route/tree.go:390.4,390.54 1 1
github.com/cloudwego/hertz/pkg/route/tree.go:387.43,389.5 1 1
github.com/cloudwego/hertz/pkg/route/tree.go:390.54,392.13 2 1
github.com/cloudwego/hertz/pkg/route/tree.go:396.26,397.88 1 1
github.com/cloudwego/hertz/pkg/route/tree.go:397.88,399.5 1 1
github.com/cloudwego/hertz/pkg/route/tree.go:404.66,407.15 3 1
github.com/cloudwego/hertz/pkg/route/tree.go:410.4,412.16 3 1
github.com/cloudwego/hertz/pkg/route/tree.go:417.4,421.27 5 1
github.com/cloudwego/hertz/pkg/route/tree.go:426.4,426.12 1 1
github.com/cloudwego/hertz/pkg/route/tree.go:407.15,409.5 1 1
github.com/cloudwego/hertz/pkg/route/tree.go:412.16,413.60 1 1
github.com/cloudwego/hertz/pkg/route/tree.go:413.60,415.6 1 1
github.com/cloudwego/hertz/pkg/route/tree.go:421.27,422.89 1 1
github.com/cloudwego/hertz/pkg/route/tree.go:422.89,424.6 1 1
github.com/cloudwego/hertz/pkg/route/tree.go:430.41,436.16 5 1
github.com/cloudwego/hertz/pkg/route/tree.go:442.4,448.9 6 1
github.com/cloudwego/hertz/pkg/route/tree.go:436.16,437.56 1 1
github.com/cloudwego/hertz/pkg/route/tree.go:437.56,439.6 1 1
github.com/cloudwego/hertz/pkg/route/tree.go:453.10,454.9 1 1
github.com/cloudwego/hertz/pkg/route/tree.go:455.9,455.25 1 1
github.com/cloudwego/hertz/pkg/route/tree.go:455.25,456.14 1 1
github.com/cloudwego/hertz/pkg/route/tree.go:457.9,457.25 1 1
github.com/cloudwego/hertz/pkg/route/tree.go:457.25,458.12 1 1
github.com/cloudwego/hertz/pkg/route/tree.go:459.9,461.9 1 0
github.com/cloudwego/hertz/pkg/route/tree.go:465.15,467.34 2 1
github.com/cloudwego/hertz/pkg/route/tree.go:467.34,469.4 1 1
github.com/cloudwego/hertz/pkg/route/tree.go:475.40,476.31 1 1
github.com/cloudwego/hertz/pkg/route/tree.go:481.2,481.12 1 1
github.com/cloudwego/hertz/pkg/route/tree.go:476.31,477.19 1 1
github.com/cloudwego/hertz/pkg/route/tree.go:477.19,479.4 1 1
github.com/cloudwego/hertz/pkg/route/tree.go:484.49,485.31 1 1
github.com/cloudwego/hertz/pkg/route/tree.go:490.2,490.21 1 1
github.com/cloudwego/hertz/pkg/route/tree.go:493.2,493.19 1 1
github.com/cloudwego/hertz/pkg/route/tree.go:496.2,496.12 1 1
github.com/cloudwego/hertz/pkg/route/tree.go:485.31,486.19 1 1
github.com/cloudwego/hertz/pkg/route/tree.go:486.19,488.4 1 1
github.com/cloudwego/hertz/pkg/route/tree.go:490.21,492.3 1 1
github.com/cloudwego/hertz/pkg/route/tree.go:493.19,495.3 1 1
github.com/cloudwego/hertz/pkg/route/tree.go:499.152,513.2 1 1
github.com/cloudwego/hertz/pkg/route/tree.go:525.104,528.27 2 1
github.com/cloudwego/hertz/pkg/route/tree.go:561.2,561.25 1 1
github.com/cloudwego/hertz/pkg/route/tree.go:566.2,566.85 1 1
github.com/cloudwego/hertz/pkg/route/tree.go:603.1,605.34 1 1
github.com/cloudwego/hertz/pkg/route/tree.go:614.2,614.25 1 1
github.com/cloudwego/hertz/pkg/route/tree.go:621.2,621.23 1 1
github.com/cloudwego/hertz/pkg/route/tree.go:630.2,631.8 2 1
github.com/cloudwego/hertz/pkg/route/tree.go:528.27,530.43 2 1
github.com/cloudwego/hertz/pkg/route/tree.go:533.3,534.22 2 1
github.com/cloudwego/hertz/pkg/route/tree.go:547.3,547.24 1 1
github.com/cloudwego/hertz/pkg/route/tree.go:550.3,550.47 1 1
github.com/cloudwego/hertz/pkg/route/tree.go:557.3,557.9 1 1
github.com/cloudwego/hertz/pkg/route/tree.go:530.43,532.4 1 1
github.com/cloudwego/hertz/pkg/route/tree.go:534.22,535.27 1 1
github.com/cloudwego/hertz/pkg/route/tree.go:541.4,541.46 1 1
github.com/cloudwego/hertz/pkg/route/tree.go:544.4,544.10 1 1
github.com/cloudwego/hertz/pkg/route/tree.go:535.27,538.14 2 1
github.com/cloudwego/hertz/pkg/route/tree.go:541.46,543.5 1 1
github.com/cloudwego/hertz/pkg/route/tree.go:547.24,549.4 1 1
github.com/cloudwego/hertz/pkg/route/tree.go:550.47,553.44 2 1
github.com/cloudwego/hertz/pkg/route/tree.go:553.44,555.5 1 1
github.com/cloudwego/hertz/pkg/route/tree.go:561.25,563.3 1 1
github.com/cloudwego/hertz/pkg/route/tree.go:566.85,570.21 3 1
github.com/cloudwego/hertz/pkg/route/tree.go:570.21,571.25 1 1
github.com/cloudwego/hertz/pkg/route/tree.go:576.4,576.24 1 1
github.com/cloudwego/hertz/pkg/route/tree.go:588.4,588.10 1 1
github.com/cloudwego/hertz/pkg/route/tree.go:571.25,573.5 1 1
github.com/cloudwego/hertz/pkg/route/tree.go:576.24,577.42 1 1
github.com/cloudwego/hertz/pkg/route/tree.go:577.42,578.36 1 1
github.com/cloudwego/hertz/pkg/route/tree.go:578.36,581.59 2 1
github.com/cloudwego/hertz/pkg/route/tree.go:584.7,584.13 1 1
github.com/cloudwego/hertz/pkg/route/tree.go:581.59,583.8 1 1
github.com/cloudwego/hertz/pkg/route/tree.go:590.8,590.29 1 1
github.com/cloudwego/hertz/pkg/route/tree.go:590.29,593.18 1 1
github.com/cloudwego/hertz/pkg/route/tree.go:596.3,598.22 1 1
github.com/cloudwego/hertz/pkg/route/tree.go:593.18,595.4 1 1
github.com/cloudwego/hertz/pkg/route/tree.go:598.22,600.4 1 1
github.com/cloudwego/hertz/pkg/route/tree.go:605.34,606.74 1 1
github.com/cloudwego/hertz/pkg/route/tree.go:606.74,608.13 2 1
github.com/cloudwego/hertz/pkg/route/tree.go:608.13,610.5 1 1
github.com/cloudwego/hertz/pkg/route/tree.go:614.25,616.12 2 1
github.com/cloudwego/hertz/pkg/route/tree.go:616.12,618.4 1 1
github.com/cloudwego/hertz/pkg/route/tree.go:621.23,623.12 2 1
github.com/cloudwego/hertz/pkg/route/tree.go:623.12,625.4 1 1
